<?xml version="1.0" encoding="UTF-8"?>
<testsuites name="SuiteGhibli" time="19" tests="0" failures="7" errors="0">
   <testsuite name="SuiteGhibli" tests="0" failures="7" errors="0" time="19" timestamp="2018-07-25 10:13:09" hostname="luca.bottoni - LAP-PC-169.primeurad.com" id="Test Suites/SuiteGhibli">
      <properties>
         <property name="deviceName" value=""/>
         <property name="devicePlatform" value=""/>
         <property name="logFolder" value="C:\\Users\\luca.bottoni\\Katalon Studio\\Ghibli\\Reports\\SuiteGhibli\\20180725_101308"/>
         <property name="logFiles" value="C:\\Users\\luca.bottoni\\Katalon Studio\\Ghibli\\Reports\\SuiteGhibli\\20180725_101308\\execution0.log, C:\\Users\\luca.bottoni\\Katalon Studio\\Ghibli\\Reports\\SuiteGhibli\\20180725_101308\\IEDriverServer.log"/>
         <property name="attachments" value=""/>
         <property name="hostName" value="luca.bottoni - LAP-PC-169.primeurad.com"/>
         <property name="hostAddress" value="192.168.15.27"/>
         <property name="os" value="Windows 10 64bit"/>
         <property name="katalonVersion" value="5.5.0.1"/>
      </properties>
      <testcase name="Test Cases/OpenBrowser" classname="Test Cases/OpenBrowser" status="FAILED">
         <failure type="FAILED" message="Unable to open browser with url: '' (Root cause: org.openqa.selenium.SessionNotCreatedException: Unexpected error launching Internet Explorer. Browser zoom level was set to 125%. It should be set to 100%
Build info: version: '3.7.1', revision: '8a0099a', time: '2017-11-06T21:07:36.161Z'
System info: host: 'LAP-PC-169', ip: '192.168.15.27', os.name: 'Windows 10', os.arch: 'amd64', os.version: '10.0', java.version: '1.8.0_102'
Driver info: driver.version: CInternetExplorerDriver
remote stacktrace: )"/>
         <system-out><![CDATA[2018-07-25 10:13:09 - [TEST_CASE][FAILED] - Test Cases/OpenBrowser: Test Cases/OpenBrowser FAILED because (of) Unable to open browser with url: '' (Root cause: org.openqa.selenium.SessionNotCreatedException: Unexpected error launching Internet Explorer. Browser zoom level was set to 125%. It should be set to 100%
Build info: version: '3.7.1', revision: '8a0099a', time: '2017-11-06T21:07:36.161Z'
System info: host: 'LAP-PC-169', ip: '192.168.15.27', os.name: 'Windows 10', os.arch: 'amd64', os.version: '10.0', java.version: '1.8.0_102'
Driver info: driver.version: CInternetExplorerDriver
remote stacktrace: )

2018-07-25 10:13:10 - [TEST_STEP][FAILED] - openBrowser: Unable to open browser with url: '' (Root cause: org.openqa.selenium.SessionNotCreatedException: Unexpected error launching Internet Explorer. Browser zoom level was set to 125%. It should be set to 100%
Build info: version: '3.7.1', revision: '8a0099a', time: '2017-11-06T21:07:36.161Z'
System info: host: 'LAP-PC-169', ip: '192.168.15.27', os.name: 'Windows 10', os.arch: 'amd64', os.version: '10.0', java.version: '1.8.0_102'
Driver info: driver.version: CInternetExplorerDriver
remote stacktrace: )

2018-07-25 10:13:13 - [MESSAGE][FAILED] - Unable to open browser with url: '' (Root cause: org.openqa.selenium.SessionNotCreatedException: Unexpected error launching Internet Explorer. Browser zoom level was set to 125%. It should be set to 100%
Build info: version: '3.7.1', revision: '8a0099a', time: '2017-11-06T21:07:36.161Z'
System info: host: 'LAP-PC-169', ip: '192.168.15.27', os.name: 'Windows 10', os.arch: 'amd64', os.version: '10.0', java.version: '1.8.0_102'
Driver info: driver.version: CInternetExplorerDriver
remote stacktrace: )]]></system-out>
         <system-err><![CDATA[2018-07-25 10:13:09 - [TEST_CASE][FAILED] - Test Cases/OpenBrowser: Test Cases/OpenBrowser FAILED because (of) Unable to open browser with url: '' (Root cause: org.openqa.selenium.SessionNotCreatedException: Unexpected error launching Internet Explorer. Browser zoom level was set to 125%. It should be set to 100%
Build info: version: '3.7.1', revision: '8a0099a', time: '2017-11-06T21:07:36.161Z'
System info: host: 'LAP-PC-169', ip: '192.168.15.27', os.name: 'Windows 10', os.arch: 'amd64', os.version: '10.0', java.version: '1.8.0_102'
Driver info: driver.version: CInternetExplorerDriver
remote stacktrace: )]]></system-err>
      </testcase>
      <testcase name="Test Cases/Login" classname="Test Cases/Login" status="FAILED">
         <failure type="FAILED" message="Unable to verify object 'Object Repository/GhibliLoginPage/input_username' is present (Root cause: com.kms.katalon.core.webui.exception.BrowserNotOpenedException: Browser is not opened
Build info: version: '3.7.1', revision: '8a0099a', time: '2017-11-06T21:07:36.161Z'
System info: host: 'LAP-PC-169', ip: '192.168.15.27', os.name: 'Windows 10', os.arch: 'amd64', os.version: '10.0', java.version: '1.8.0_102'
Driver info: driver.version: unknown)"/>
         <system-out><![CDATA[2018-07-25 10:13:15 - [TEST_CASE][FAILED] - Test Cases/Login: Test Cases/Login FAILED because (of) Unable to verify object 'Object Repository/GhibliLoginPage/input_username' is present (Root cause: com.kms.katalon.core.webui.exception.BrowserNotOpenedException: Browser is not opened
Build info: version: '3.7.1', revision: '8a0099a', time: '2017-11-06T21:07:36.161Z'
System info: host: 'LAP-PC-169', ip: '192.168.15.27', os.name: 'Windows 10', os.arch: 'amd64', os.version: '10.0', java.version: '1.8.0_102'
Driver info: driver.version: unknown)

2018-07-25 10:13:15 - [TEST_STEP][PASSED] - Statement - input_login = com.kms.katalon.core.testobject.ObjectRepository.findTestObject(Object Repository/GhibliLoginPage/input_username): Finding Test Object with id 'Object Repository/GhibliLoginPage/input_username'

2018-07-25 10:13:15 - [TEST_STEP][PASSED] - Statement - input_pwd = com.kms.katalon.core.testobject.ObjectRepository.findTestObject(Object Repository/GhibliLoginPage/input_password): Finding Test Object with id 'Object Repository/GhibliLoginPage/input_password'

2018-07-25 10:13:15 - [TEST_STEP][FAILED] - verifyElementPresent: Unable to verify object 'Object Repository/GhibliLoginPage/input_username' is present (Root cause: com.kms.katalon.core.webui.exception.BrowserNotOpenedException: Browser is not opened
Build info: version: '3.7.1', revision: '8a0099a', time: '2017-11-06T21:07:36.161Z'
System info: host: 'LAP-PC-169', ip: '192.168.15.27', os.name: 'Windows 10', os.arch: 'amd64', os.version: '10.0', java.version: '1.8.0_102'
Driver info: driver.version: unknown)

2018-07-25 10:13:15 - [MESSAGE][WARNING] - Cannot take screenshot

2018-07-25 10:13:15 - [MESSAGE][FAILED] - Unable to verify object 'Object Repository/GhibliLoginPage/input_username' is present (Root cause: com.kms.katalon.core.webui.exception.BrowserNotOpenedException: Browser is not opened
Build info: version: '3.7.1', revision: '8a0099a', time: '2017-11-06T21:07:36.161Z'
System info: host: 'LAP-PC-169', ip: '192.168.15.27', os.name: 'Windows 10', os.arch: 'amd64', os.version: '10.0', java.version: '1.8.0_102'
Driver info: driver.version: unknown)]]></system-out>
         <system-err><![CDATA[2018-07-25 10:13:15 - [TEST_CASE][FAILED] - Test Cases/Login: Test Cases/Login FAILED because (of) Unable to verify object 'Object Repository/GhibliLoginPage/input_username' is present (Root cause: com.kms.katalon.core.webui.exception.BrowserNotOpenedException: Browser is not opened
Build info: version: '3.7.1', revision: '8a0099a', time: '2017-11-06T21:07:36.161Z'
System info: host: 'LAP-PC-169', ip: '192.168.15.27', os.name: 'Windows 10', os.arch: 'amd64', os.version: '10.0', java.version: '1.8.0_102'
Driver info: driver.version: unknown)]]></system-err>
      </testcase>
      <testcase name="Test Cases/Dashboard" classname="Test Cases/Dashboard" status="FAILED">
         <failure type="FAILED" message="Unable to wait for object 'Object Repository/GhibliDashboard/input_transferStatus' to be present (Root cause: com.kms.katalon.core.webui.exception.BrowserNotOpenedException: Browser is not opened
Build info: version: '3.7.1', revision: '8a0099a', time: '2017-11-06T21:07:36.161Z'
System info: host: 'LAP-PC-169', ip: '192.168.15.27', os.name: 'Windows 10', os.arch: 'amd64', os.version: '10.0', java.version: '1.8.0_102'
Driver info: driver.version: unknown)"/>
         <system-out><![CDATA[2018-07-25 10:13:17 - [TEST_CASE][FAILED] - Test Cases/Dashboard: Test Cases/Dashboard FAILED because (of) Unable to wait for object 'Object Repository/GhibliDashboard/input_transferStatus' to be present (Root cause: com.kms.katalon.core.webui.exception.BrowserNotOpenedException: Browser is not opened
Build info: version: '3.7.1', revision: '8a0099a', time: '2017-11-06T21:07:36.161Z'
System info: host: 'LAP-PC-169', ip: '192.168.15.27', os.name: 'Windows 10', os.arch: 'amd64', os.version: '10.0', java.version: '1.8.0_102'
Driver info: driver.version: unknown)

2018-07-25 10:13:17 - [TEST_STEP][PASSED] - Statement - maps = [com.kms.katalon.core.testobject.ObjectRepository.findTestObject(Object Repository/GhibliDashboard/input_transferStatus), com.kms.katalon.core.testobject.ObjectRepository.findTestObject(Object Repository/GhibliDashboard/input_sourceQueueManager), com.kms.katalon.core.testobject.ObjectRepository.findTestObject(Object Repository/GhibliDashboard/input_destinationQueueManager), com.kms.katalon.core.testobject.ObjectRepository.findTestObject(Object Repository/GhibliDashboard/input_correlationID), com.kms.katalon.core.testobject.ObjectRepository.findTestObject(Object Repository/GhibliDashboard/btn_workflowdashboard), com.kms.katalon.core.testobject.ObjectRepository.findTestObject(Object Repository/GhibliDashboard/btn_workflow), com.kms.katalon.core.testobject.ObjectRepository.findTestObject(Object Repository/GhibliDashboard/btn_transfersearch), com.kms.katalon.core.testobject.ObjectRepository.findTestObject(Object Repository/GhibliDashboard/btn_setting), com.kms.katalon.core.testobject.ObjectRepository.findTestObject(Object Repository/GhibliDashboard/btn_monitordashboard), com.kms.katalon.core.testobject.ObjectRepository.findTestObject(Object Repository/GhibliDashboard/btn_logout), com.kms.katalon.core.testobject.ObjectRepository.findTestObject(Object Repository/GhibliDashboard/btn_clearfilter), com.kms.katalon.core.testobject.ObjectRepository.findTestObject(Object Repository/GhibliDashboard/btn_applyfilter)]: Finding Test Object with id 'Object Repository/GhibliDashboard/btn_applyfilter'

2018-07-25 10:13:17 - [TEST_STEP][PASSED] - Statement - total = 0: null

2018-07-25 10:13:17 - [TEST_STEP][PASSED] - Statement - ok = 0: null

2018-07-25 10:13:17 - [TEST_STEP][PASSED] - Statement - ko = 0: null

2018-07-25 10:13:17 - [TEST_STEP][FAILED] - Statement - For (def element : maps): Unable to wait for object 'Object Repository/GhibliDashboard/input_transferStatus' to be present (Root cause: com.kms.katalon.core.webui.exception.BrowserNotOpenedException: Browser is not opened
Build info: version: '3.7.1', revision: '8a0099a', time: '2017-11-06T21:07:36.161Z'
System info: host: 'LAP-PC-169', ip: '192.168.15.27', os.name: 'Windows 10', os.arch: 'amd64', os.version: '10.0', java.version: '1.8.0_102'
Driver info: driver.version: unknown)

2018-07-25 10:13:17 - [TEST_STEP][PASSED] - Statement - tag = element.findPropertyValue("tag", false): null

2018-07-25 10:13:17 - [TEST_STEP][PASSED] - Statement - id = element.getObjectId(): null

2018-07-25 10:13:17 - [TEST_STEP][PASSED] - Statement - test = false: null

2018-07-25 10:13:17 - [TEST_STEP][PASSED] - Statement - assert tag != "": null

2018-07-25 10:13:17 - [TEST_STEP][FAILED] - Statement - test = com.kms.katalon.core.webui.keyword.WebUiBuiltInKeywords.waitForElementPresent(element, 1): Unable to wait for object 'Object Repository/GhibliDashboard/input_transferStatus' to be present (Root cause: com.kms.katalon.core.webui.exception.BrowserNotOpenedException: Browser is not opened
Build info: version: '3.7.1', revision: '8a0099a', time: '2017-11-06T21:07:36.161Z'
System info: host: 'LAP-PC-169', ip: '192.168.15.27', os.name: 'Windows 10', os.arch: 'amd64', os.version: '10.0', java.version: '1.8.0_102'
Driver info: driver.version: unknown)

2018-07-25 10:13:17 - [MESSAGE][WARNING] - Cannot take screenshot

2018-07-25 10:13:17 - [MESSAGE][FAILED] - Unable to wait for object 'Object Repository/GhibliDashboard/input_transferStatus' to be present (Root cause: com.kms.katalon.core.webui.exception.BrowserNotOpenedException: Browser is not opened
Build info: version: '3.7.1', revision: '8a0099a', time: '2017-11-06T21:07:36.161Z'
System info: host: 'LAP-PC-169', ip: '192.168.15.27', os.name: 'Windows 10', os.arch: 'amd64', os.version: '10.0', java.version: '1.8.0_102'
Driver info: driver.version: unknown)]]></system-out>
         <system-err><![CDATA[2018-07-25 10:13:17 - [TEST_CASE][FAILED] - Test Cases/Dashboard: Test Cases/Dashboard FAILED because (of) Unable to wait for object 'Object Repository/GhibliDashboard/input_transferStatus' to be present (Root cause: com.kms.katalon.core.webui.exception.BrowserNotOpenedException: Browser is not opened
Build info: version: '3.7.1', revision: '8a0099a', time: '2017-11-06T21:07:36.161Z'
System info: host: 'LAP-PC-169', ip: '192.168.15.27', os.name: 'Windows 10', os.arch: 'amd64', os.version: '10.0', java.version: '1.8.0_102'
Driver info: driver.version: unknown)]]></system-err>
      </testcase>
      <testcase name="Test Cases/DashboardPeerServer" classname="Test Cases/DashboardPeerServer" status="FAILED">
         <failure type="FAILED" message="Unable to wait for object 'Object Repository/GhibliDashboard/Dashboard-PeerServer/lbl_peerlist_clustername' to be visible (Root cause: com.kms.katalon.core.webui.exception.BrowserNotOpenedException: Browser is not opened
Build info: version: '3.7.1', revision: '8a0099a', time: '2017-11-06T21:07:36.161Z'
System info: host: 'LAP-PC-169', ip: '192.168.15.27', os.name: 'Windows 10', os.arch: 'amd64', os.version: '10.0', java.version: '1.8.0_102'
Driver info: driver.version: unknown)"/>
         <system-out><![CDATA[2018-07-25 10:13:19 - [TEST_CASE][FAILED] - Test Cases/DashboardPeerServer: Test Cases/DashboardPeerServer FAILED because (of) Unable to wait for object 'Object Repository/GhibliDashboard/Dashboard-PeerServer/lbl_peerlist_clustername' to be visible (Root cause: com.kms.katalon.core.webui.exception.BrowserNotOpenedException: Browser is not opened
Build info: version: '3.7.1', revision: '8a0099a', time: '2017-11-06T21:07:36.161Z'
System info: host: 'LAP-PC-169', ip: '192.168.15.27', os.name: 'Windows 10', os.arch: 'amd64', os.version: '10.0', java.version: '1.8.0_102'
Driver info: driver.version: unknown)

2018-07-25 10:13:20 - [TEST_STEP][PASSED] - comment: verifiche sul container del cluster

2018-07-25 10:13:20 - [TEST_STEP][FAILED] - waitForElementVisible: Unable to wait for object 'Object Repository/GhibliDashboard/Dashboard-PeerServer/lbl_peerlist_clustername' to be visible (Root cause: com.kms.katalon.core.webui.exception.BrowserNotOpenedException: Browser is not opened
Build info: version: '3.7.1', revision: '8a0099a', time: '2017-11-06T21:07:36.161Z'
System info: host: 'LAP-PC-169', ip: '192.168.15.27', os.name: 'Windows 10', os.arch: 'amd64', os.version: '10.0', java.version: '1.8.0_102'
Driver info: driver.version: unknown)

2018-07-25 10:13:20 - [MESSAGE][WARNING] - Cannot take screenshot

2018-07-25 10:13:20 - [MESSAGE][FAILED] - Unable to wait for object 'Object Repository/GhibliDashboard/Dashboard-PeerServer/lbl_peerlist_clustername' to be visible (Root cause: com.kms.katalon.core.webui.exception.BrowserNotOpenedException: Browser is not opened
Build info: version: '3.7.1', revision: '8a0099a', time: '2017-11-06T21:07:36.161Z'
System info: host: 'LAP-PC-169', ip: '192.168.15.27', os.name: 'Windows 10', os.arch: 'amd64', os.version: '10.0', java.version: '1.8.0_102'
Driver info: driver.version: unknown)]]></system-out>
         <system-err><![CDATA[2018-07-25 10:13:19 - [TEST_CASE][FAILED] - Test Cases/DashboardPeerServer: Test Cases/DashboardPeerServer FAILED because (of) Unable to wait for object 'Object Repository/GhibliDashboard/Dashboard-PeerServer/lbl_peerlist_clustername' to be visible (Root cause: com.kms.katalon.core.webui.exception.BrowserNotOpenedException: Browser is not opened
Build info: version: '3.7.1', revision: '8a0099a', time: '2017-11-06T21:07:36.161Z'
System info: host: 'LAP-PC-169', ip: '192.168.15.27', os.name: 'Windows 10', os.arch: 'amd64', os.version: '10.0', java.version: '1.8.0_102'
Driver info: driver.version: unknown)]]></system-err>
      </testcase>
      <testcase name="Test Cases/DashboardTransportFilter" classname="Test Cases/DashboardTransportFilter" status="FAILED">
         <failure type="FAILED" message="Unable to click on object 'Object Repository/GhibliDashboard/transferStatusCLICK' (Root cause: com.kms.katalon.core.webui.exception.BrowserNotOpenedException: Browser is not opened
Build info: version: '3.7.1', revision: '8a0099a', time: '2017-11-06T21:07:36.161Z'
System info: host: 'LAP-PC-169', ip: '192.168.15.27', os.name: 'Windows 10', os.arch: 'amd64', os.version: '10.0', java.version: '1.8.0_102'
Driver info: driver.version: unknown)"/>
         <system-out><![CDATA[2018-07-25 10:13:22 - [TEST_CASE][FAILED] - Test Cases/DashboardTransportFilter: Test Cases/DashboardTransportFilter FAILED because (of) Unable to click on object 'Object Repository/GhibliDashboard/transferStatusCLICK' (Root cause: com.kms.katalon.core.webui.exception.BrowserNotOpenedException: Browser is not opened
Build info: version: '3.7.1', revision: '8a0099a', time: '2017-11-06T21:07:36.161Z'
System info: host: 'LAP-PC-169', ip: '192.168.15.27', os.name: 'Windows 10', os.arch: 'amd64', os.version: '10.0', java.version: '1.8.0_102'
Driver info: driver.version: unknown)

2018-07-25 10:13:22 - [TEST_STEP][PASSED] - Statement - select_status = com.kms.katalon.core.testobject.ObjectRepository.findTestObject(Object Repository/GhibliDashboard/transferStatusCLICK): Finding Test Object with id 'Object Repository/GhibliDashboard/transferStatusCLICK'

2018-07-25 10:13:22 - [TEST_STEP][PASSED] - Statement - optionMap = ["SUBMITTED":"li_SUBMITTED", "SUSPENDED":"li_SUSPENDED", "RESUMED":"li_RESUMED", "STARTED":"li_STARTED", "STARTED_RETRY":"li_STARTED_RETRY", ... ]: null

2018-07-25 10:13:22 - [TEST_STEP][FAILED] - Statement - optionMap.each({ java.lang.Object optionIndex, java.lang.Object optionsValue -> ... }): Unable to click on object 'Object Repository/GhibliDashboard/transferStatusCLICK' (Root cause: com.kms.katalon.core.webui.exception.BrowserNotOpenedException: Browser is not opened
Build info: version: '3.7.1', revision: '8a0099a', time: '2017-11-06T21:07:36.161Z'
System info: host: 'LAP-PC-169', ip: '192.168.15.27', os.name: 'Windows 10', os.arch: 'amd64', os.version: '10.0', java.version: '1.8.0_102'
Driver info: driver.version: unknown)

2018-07-25 10:13:22 - [MESSAGE][WARNING] - Cannot take screenshot

2018-07-25 10:13:22 - [MESSAGE][FAILED] - Unable to click on object 'Object Repository/GhibliDashboard/transferStatusCLICK' (Root cause: com.kms.katalon.core.webui.exception.BrowserNotOpenedException: Browser is not opened
Build info: version: '3.7.1', revision: '8a0099a', time: '2017-11-06T21:07:36.161Z'
System info: host: 'LAP-PC-169', ip: '192.168.15.27', os.name: 'Windows 10', os.arch: 'amd64', os.version: '10.0', java.version: '1.8.0_102'
Driver info: driver.version: unknown)]]></system-out>
         <system-err><![CDATA[2018-07-25 10:13:22 - [TEST_CASE][FAILED] - Test Cases/DashboardTransportFilter: Test Cases/DashboardTransportFilter FAILED because (of) Unable to click on object 'Object Repository/GhibliDashboard/transferStatusCLICK' (Root cause: com.kms.katalon.core.webui.exception.BrowserNotOpenedException: Browser is not opened
Build info: version: '3.7.1', revision: '8a0099a', time: '2017-11-06T21:07:36.161Z'
System info: host: 'LAP-PC-169', ip: '192.168.15.27', os.name: 'Windows 10', os.arch: 'amd64', os.version: '10.0', java.version: '1.8.0_102'
Driver info: driver.version: unknown)]]></system-err>
      </testcase>
      <testcase name="Test Cases/MenuSettings" classname="Test Cases/MenuSettings" status="FAILED">
         <failure type="FAILED" message="Unable to get attribute 'class' of object 'Object Repository/GhibliDashboard/btn_monitordashboard' (Root cause: com.kms.katalon.core.webui.exception.BrowserNotOpenedException: Browser is not opened
Build info: version: '3.7.1', revision: '8a0099a', time: '2017-11-06T21:07:36.161Z'
System info: host: 'LAP-PC-169', ip: '192.168.15.27', os.name: 'Windows 10', os.arch: 'amd64', os.version: '10.0', java.version: '1.8.0_102'
Driver info: driver.version: unknown)"/>
         <system-out><![CDATA[2018-07-25 10:13:24 - [TEST_CASE][FAILED] - Test Cases/MenuSettings: Test Cases/MenuSettings FAILED because (of) Unable to get attribute 'class' of object 'Object Repository/GhibliDashboard/btn_monitordashboard' (Root cause: com.kms.katalon.core.webui.exception.BrowserNotOpenedException: Browser is not opened
Build info: version: '3.7.1', revision: '8a0099a', time: '2017-11-06T21:07:36.161Z'
System info: host: 'LAP-PC-169', ip: '192.168.15.27', os.name: 'Windows 10', os.arch: 'amd64', os.version: '10.0', java.version: '1.8.0_102'
Driver info: driver.version: unknown)

2018-07-25 10:13:24 - [TEST_STEP][PASSED] - Statement - btn_dash = com.kms.katalon.core.testobject.ObjectRepository.findTestObject(GhibliDashboard/btn_monitordashboard): Finding Test Object with id 'Object Repository/GhibliDashboard/btn_monitordashboard'

2018-07-25 10:13:24 - [TEST_STEP][FAILED] - Statement - css = com.kms.katalon.core.webui.keyword.WebUiBuiltInKeywords.getAttribute(btn_dash, "class", STOP_ON_FAILURE): Unable to get attribute 'class' of object 'Object Repository/GhibliDashboard/btn_monitordashboard' (Root cause: com.kms.katalon.core.webui.exception.BrowserNotOpenedException: Browser is not opened
Build info: version: '3.7.1', revision: '8a0099a', time: '2017-11-06T21:07:36.161Z'
System info: host: 'LAP-PC-169', ip: '192.168.15.27', os.name: 'Windows 10', os.arch: 'amd64', os.version: '10.0', java.version: '1.8.0_102'
Driver info: driver.version: unknown)

2018-07-25 10:13:24 - [MESSAGE][WARNING] - Cannot take screenshot

2018-07-25 10:13:24 - [MESSAGE][FAILED] - Unable to get attribute 'class' of object 'Object Repository/GhibliDashboard/btn_monitordashboard' (Root cause: com.kms.katalon.core.webui.exception.BrowserNotOpenedException: Browser is not opened
Build info: version: '3.7.1', revision: '8a0099a', time: '2017-11-06T21:07:36.161Z'
System info: host: 'LAP-PC-169', ip: '192.168.15.27', os.name: 'Windows 10', os.arch: 'amd64', os.version: '10.0', java.version: '1.8.0_102'
Driver info: driver.version: unknown)]]></system-out>
         <system-err><![CDATA[2018-07-25 10:13:24 - [TEST_CASE][FAILED] - Test Cases/MenuSettings: Test Cases/MenuSettings FAILED because (of) Unable to get attribute 'class' of object 'Object Repository/GhibliDashboard/btn_monitordashboard' (Root cause: com.kms.katalon.core.webui.exception.BrowserNotOpenedException: Browser is not opened
Build info: version: '3.7.1', revision: '8a0099a', time: '2017-11-06T21:07:36.161Z'
System info: host: 'LAP-PC-169', ip: '192.168.15.27', os.name: 'Windows 10', os.arch: 'amd64', os.version: '10.0', java.version: '1.8.0_102'
Driver info: driver.version: unknown)]]></system-err>
      </testcase>
      <testcase name="Test Cases/Logout" classname="Test Cases/Logout" status="FAILED">
         <failure type="FAILED" message="Unable to verify object 'Object Repository/GhibliDashboard/btn_logout' is present (Root cause: com.kms.katalon.core.webui.exception.BrowserNotOpenedException: Browser is not opened
Build info: version: '3.7.1', revision: '8a0099a', time: '2017-11-06T21:07:36.161Z'
System info: host: 'LAP-PC-169', ip: '192.168.15.27', os.name: 'Windows 10', os.arch: 'amd64', os.version: '10.0', java.version: '1.8.0_102'
Driver info: driver.version: unknown)"/>
         <system-out><![CDATA[2018-07-25 10:13:26 - [TEST_CASE][FAILED] - Test Cases/Logout: Test Cases/Logout FAILED because (of) Unable to verify object 'Object Repository/GhibliDashboard/btn_logout' is present (Root cause: com.kms.katalon.core.webui.exception.BrowserNotOpenedException: Browser is not opened
Build info: version: '3.7.1', revision: '8a0099a', time: '2017-11-06T21:07:36.161Z'
System info: host: 'LAP-PC-169', ip: '192.168.15.27', os.name: 'Windows 10', os.arch: 'amd64', os.version: '10.0', java.version: '1.8.0_102'
Driver info: driver.version: unknown)

2018-07-25 10:13:26 - [TEST_STEP][PASSED] - Statement - test = false: null

2018-07-25 10:13:26 - [TEST_STEP][FAILED] - Statement - test = com.kms.katalon.core.webui.keyword.WebUiBuiltInKeywords.verifyElementPresent(com.kms.katalon.core.testobject.ObjectRepository.findTestObject(GhibliDashboard/btn_logout), 1): Unable to verify object 'Object Repository/GhibliDashboard/btn_logout' is present (Root cause: com.kms.katalon.core.webui.exception.BrowserNotOpenedException: Browser is not opened
Build info: version: '3.7.1', revision: '8a0099a', time: '2017-11-06T21:07:36.161Z'
System info: host: 'LAP-PC-169', ip: '192.168.15.27', os.name: 'Windows 10', os.arch: 'amd64', os.version: '10.0', java.version: '1.8.0_102'
Driver info: driver.version: unknown)

2018-07-25 10:13:26 - [MESSAGE][WARNING] - Cannot take screenshot

2018-07-25 10:13:26 - [MESSAGE][FAILED] - Unable to verify object 'Object Repository/GhibliDashboard/btn_logout' is present (Root cause: com.kms.katalon.core.webui.exception.BrowserNotOpenedException: Browser is not opened
Build info: version: '3.7.1', revision: '8a0099a', time: '2017-11-06T21:07:36.161Z'
System info: host: 'LAP-PC-169', ip: '192.168.15.27', os.name: 'Windows 10', os.arch: 'amd64', os.version: '10.0', java.version: '1.8.0_102'
Driver info: driver.version: unknown)]]></system-out>
         <system-err><![CDATA[2018-07-25 10:13:26 - [TEST_CASE][FAILED] - Test Cases/Logout: Test Cases/Logout FAILED because (of) Unable to verify object 'Object Repository/GhibliDashboard/btn_logout' is present (Root cause: com.kms.katalon.core.webui.exception.BrowserNotOpenedException: Browser is not opened
Build info: version: '3.7.1', revision: '8a0099a', time: '2017-11-06T21:07:36.161Z'
System info: host: 'LAP-PC-169', ip: '192.168.15.27', os.name: 'Windows 10', os.arch: 'amd64', os.version: '10.0', java.version: '1.8.0_102'
Driver info: driver.version: unknown)]]></system-err>
      </testcase>
      <system-out><![CDATA[2018-07-25 10:13:09 - [TEST_SUITE][FAILED] - SuiteGhibli: Test Cases/OpenBrowser FAILED because (of) Unable to open browser with url: '' (Root cause: org.openqa.selenium.SessionNotCreatedException: Unexpected error launching Internet Explorer. Browser zoom level was set to 125%. It should be set to 100%
Build info: version: '3.7.1', revision: '8a0099a', time: '2017-11-06T21:07:36.161Z'
System info: host: 'LAP-PC-169', ip: '192.168.15.27', os.name: 'Windows 10', os.arch: 'amd64', os.version: '10.0', java.version: '1.8.0_102'
Driver info: driver.version: CInternetExplorerDriver
remote stacktrace: )]]></system-out>
      <system-err><![CDATA[2018-07-25 10:13:09 - [TEST_SUITE][FAILED] - SuiteGhibli: Test Cases/OpenBrowser FAILED because (of) Unable to open browser with url: '' (Root cause: org.openqa.selenium.SessionNotCreatedException: Unexpected error launching Internet Explorer. Browser zoom level was set to 125%. It should be set to 100%
Build info: version: '3.7.1', revision: '8a0099a', time: '2017-11-06T21:07:36.161Z'
System info: host: 'LAP-PC-169', ip: '192.168.15.27', os.name: 'Windows 10', os.arch: 'amd64', os.version: '10.0', java.version: '1.8.0_102'
Driver info: driver.version: CInternetExplorerDriver
remote stacktrace: )]]></system-err>
   </testsuite>
</testsuites>
