<?xml version="1.0" encoding="UTF-8"?>
<testsuites name="SuiteGhibli" time="109" tests="8" failures="0" errors="0">
   <testsuite name="SuiteGhibli" tests="8" failures="0" errors="0" time="109" timestamp="2018-09-14 16:28:16" hostname="luca.bottoni - MARVELPC.primeurad.com" id="Test Suites/SuiteGhibli">
      <properties>
         <property name="deviceName" value=""/>
         <property name="devicePlatform" value=""/>
         <property name="logFolder" value="C:\\Users\\luca.bottoni\\Katalon Studio\\Ghibli\\Reports\\SuiteGhibli\\20180914_162815"/>
         <property name="logFiles" value="C:\\Users\\luca.bottoni\\Katalon Studio\\Ghibli\\Reports\\SuiteGhibli\\20180914_162815\\execution0.log, C:\\Users\\luca.bottoni\\Katalon Studio\\Ghibli\\Reports\\SuiteGhibli\\20180914_162815\\IEDriverServer.log"/>
         <property name="attachments" value=""/>
         <property name="hostName" value="luca.bottoni - MARVELPC.primeurad.com"/>
         <property name="os" value="Windows 10 64bit"/>
         <property name="katalonVersion" value="5.7.1.1"/>
         <property name="browser" value="IE 11"/>
         <property name="hostAddress" value="192.168.15.7"/>
         <property name="sessionId" value="14bb31d0-e1f8-4899-8b35-7f599c8f5999"/>
         <property name="seleniumVersion" value="3.7.1"/>
         <property name="proxyInformation" value="ProxyInformation{proxyOption=NO_PROXY, proxyServerType=HTTP, password=, proxyServerAddress=, proxyServerPort=0}"/>
         <property name="platform" value="Windows 10"/>
      </properties>
      <testcase name="Test Cases/OpenBrowser" classname="Test Cases/OpenBrowser" status="PASSED">
         <system-out><![CDATA[2018-09-14 16:28:17 - [TEST_CASE][PASSED] - Test Cases/OpenBrowser: Test Cases/OpenBrowser

2018-09-14 16:28:17 - [TEST_STEP][PASSED] - openBrowser: Browser is opened with url: ''

2018-09-14 16:28:20 - [MESSAGE][PASSED] - Browser is opened with url: ''

2018-09-14 16:28:20 - [TEST_STEP][PASSED] - maximizeWindow: Current window maximized

2018-09-14 16:28:20 - [MESSAGE][PASSED] - Current window maximized

2018-09-14 16:28:20 - [TEST_STEP][PASSED] - navigateToUrl: Navigate to 'http://192.168.180.198/SPENT' successfully

2018-09-14 16:28:25 - [MESSAGE][PASSED] - Navigate to 'http://192.168.180.198/SPENT' successfully

2018-09-14 16:28:25 - [TEST_STEP][PASSED] - waitForElementPresent: Object 'Object Repository/GhibliLoginPage/input_username' is present

2018-09-14 16:28:25 - [MESSAGE][PASSED] - Object 'Object Repository/GhibliLoginPage/input_username' is present]]></system-out>
         <system-err><![CDATA[]]></system-err>
      </testcase>
      <testcase name="Test Cases/Login" classname="Test Cases/Login" status="PASSED">
         <system-out><![CDATA[2018-09-14 16:28:28 - [TEST_CASE][PASSED] - Test Cases/Login: Test Cases/Login

2018-09-14 16:28:28 - [TEST_STEP][PASSED] - Statement - input_login = com.kms.katalon.core.testobject.ObjectRepository.findTestObject(Object Repository/GhibliLoginPage/input_username): Finding Test Object with id 'Object Repository/GhibliLoginPage/input_username'

2018-09-14 16:28:28 - [TEST_STEP][PASSED] - Statement - input_pwd = com.kms.katalon.core.testobject.ObjectRepository.findTestObject(Object Repository/GhibliLoginPage/input_password): Finding Test Object with id 'Object Repository/GhibliLoginPage/input_password'

2018-09-14 16:28:28 - [TEST_STEP][PASSED] - verifyElementPresent: Object 'Object Repository/GhibliLoginPage/input_username' is present

2018-09-14 16:28:28 - [MESSAGE][PASSED] - Object 'Object Repository/GhibliLoginPage/input_username' is present

2018-09-14 16:28:28 - [TEST_STEP][PASSED] - verifyElementPresent: Object 'Object Repository/GhibliLoginPage/input_password' is present

2018-09-14 16:28:28 - [MESSAGE][PASSED] - Object 'Object Repository/GhibliLoginPage/input_password' is present

2018-09-14 16:28:28 - [TEST_STEP][PASSED] - setText: Text 'luca.bottoni' is set on object 'Object Repository/GhibliLoginPage/input_username'

2018-09-14 16:28:29 - [MESSAGE][PASSED] - Text 'luca.bottoni' is set on object 'Object Repository/GhibliLoginPage/input_username'

2018-09-14 16:28:29 - [TEST_STEP][PASSED] - setText: Text 'ghibliXXX' is set on object 'Object Repository/GhibliLoginPage/input_password'

2018-09-14 16:28:30 - [MESSAGE][PASSED] - Text 'ghibliXXX' is set on object 'Object Repository/GhibliLoginPage/input_password'

2018-09-14 16:28:30 - [TEST_STEP][PASSED] - delay: Delayed 2 second(s)

2018-09-14 16:28:32 - [MESSAGE][PASSED] - Delayed 2 second(s)

2018-09-14 16:28:32 - [TEST_STEP][PASSED] - Statement - text1 = com.kms.katalon.core.webui.keyword.WebUiBuiltInKeywords.verifyElementNotVisible(com.kms.katalon.core.testobject.ObjectRepository.findTestObject(Object Repository/GhibliLoginPage/div_Incorrect Username or Pass)): Object 'Object Repository/GhibliLoginPage/div_Incorrect Username or Pass' is NOT visible

2018-09-14 16:28:32 - [MESSAGE][PASSED] - Object 'Object Repository/GhibliLoginPage/div_Incorrect Username or Pass' is NOT visible

2018-09-14 16:28:32 - [TEST_STEP][PASSED] - Statement - assert text1 == true: null

2018-09-14 16:28:32 - [TEST_STEP][PASSED] - doubleClick: Object: 'Object Repository/GhibliLoginPage/LoginButton' is double clicked on

2018-09-14 16:28:33 - [MESSAGE][PASSED] - Object: 'Object Repository/GhibliLoginPage/LoginButton' is double clicked on

2018-09-14 16:28:33 - [TEST_STEP][PASSED] - delay: Delayed 2 second(s)

2018-09-14 16:28:35 - [MESSAGE][PASSED] - Delayed 2 second(s)

2018-09-14 16:28:35 - [TEST_STEP][PASSED] - waitForElementPresent: Object 'Object Repository/GhibliLoginPage/div_Incorrect Username or Pass' is present

2018-09-14 16:28:35 - [MESSAGE][PASSED] - Object 'Object Repository/GhibliLoginPage/div_Incorrect Username or Pass' is present

2018-09-14 16:28:35 - [TEST_STEP][PASSED] - Statement - text2 = com.kms.katalon.core.webui.keyword.WebUiBuiltInKeywords.verifyTextPresent("Incorrect Username or Password", false): Text 'Incorrect Username or Password' is present on page 

2018-09-14 16:28:36 - [MESSAGE][PASSED] - Text 'Incorrect Username or Password' is present on page 

2018-09-14 16:28:36 - [TEST_STEP][PASSED] - Statement - assert text2 == true: null

2018-09-14 16:28:36 - [TEST_STEP][PASSED] - focus: Object: 'Object Repository/GhibliLoginPage/input_username' is focused

2018-09-14 16:28:36 - [MESSAGE][PASSED] - Object: 'Object Repository/GhibliLoginPage/input_username' is focused

2018-09-14 16:28:36 - [TEST_STEP][PASSED] - setText: Text 'luca.bottoni' is set on object 'Object Repository/GhibliLoginPage/input_username'

2018-09-14 16:28:37 - [MESSAGE][PASSED] - Text 'luca.bottoni' is set on object 'Object Repository/GhibliLoginPage/input_username'

2018-09-14 16:28:37 - [TEST_STEP][PASSED] - delay: Delayed 1 second(s)

2018-09-14 16:28:38 - [MESSAGE][PASSED] - Delayed 1 second(s)

2018-09-14 16:28:38 - [TEST_STEP][PASSED] - focus: Object: 'Object Repository/GhibliLoginPage/input_password' is focused

2018-09-14 16:28:39 - [MESSAGE][PASSED] - Object: 'Object Repository/GhibliLoginPage/input_password' is focused

2018-09-14 16:28:39 - [TEST_STEP][PASSED] - setText: Text 'Primeur' is set on object 'Object Repository/GhibliLoginPage/input_password'

2018-09-14 16:28:40 - [MESSAGE][PASSED] - Text 'Primeur' is set on object 'Object Repository/GhibliLoginPage/input_password'

2018-09-14 16:28:40 - [TEST_STEP][PASSED] - delay: Delayed 1 second(s)

2018-09-14 16:28:41 - [MESSAGE][PASSED] - Delayed 1 second(s)

2018-09-14 16:28:41 - [TEST_STEP][PASSED] - sendKeys: Keys 'ENTER + ' sent to object: 'Object Repository/GhibliLoginPage/input_password'

2018-09-14 16:28:41 - [MESSAGE][PASSED] - Keys 'ENTER + ' sent to object: 'Object Repository/GhibliLoginPage/input_password']]></system-out>
         <system-err><![CDATA[]]></system-err>
      </testcase>
      <testcase name="Test Cases/Dashboard" classname="Test Cases/Dashboard" status="PASSED">
         <system-out><![CDATA[2018-09-14 16:28:43 - [TEST_CASE][PASSED] - Test Cases/Dashboard: Test Cases/Dashboard

2018-09-14 16:28:43 - [TEST_STEP][PASSED] - Statement - maps = [com.kms.katalon.core.testobject.ObjectRepository.findTestObject(Object Repository/GhibliDashboard/input_transferStatus), com.kms.katalon.core.testobject.ObjectRepository.findTestObject(Object Repository/GhibliDashboard/input_destinationQueueManager), com.kms.katalon.core.testobject.ObjectRepository.findTestObject(Object Repository/GhibliDashboard/input_correlationID), com.kms.katalon.core.testobject.ObjectRepository.findTestObject(Object Repository/GhibliDashboard/btn_workflowdashboard), com.kms.katalon.core.testobject.ObjectRepository.findTestObject(Object Repository/GhibliDashboard/btn_workflow), com.kms.katalon.core.testobject.ObjectRepository.findTestObject(Object Repository/GhibliDashboard/btn_transfersearch), com.kms.katalon.core.testobject.ObjectRepository.findTestObject(Object Repository/GhibliDashboard/btn_setting), com.kms.katalon.core.testobject.ObjectRepository.findTestObject(Object Repository/GhibliDashboard/btn_monitordashboard), com.kms.katalon.core.testobject.ObjectRepository.findTestObject(Object Repository/GhibliDashboard/btn_logout), com.kms.katalon.core.testobject.ObjectRepository.findTestObject(Object Repository/GhibliDashboard/btn_clearfilter), com.kms.katalon.core.testobject.ObjectRepository.findTestObject(Object Repository/GhibliDashboard/btn_applyfilter)]: Finding Test Object with id 'Object Repository/GhibliDashboard/btn_applyfilter'

2018-09-14 16:28:44 - [TEST_STEP][PASSED] - Statement - total = 0: null

2018-09-14 16:28:44 - [TEST_STEP][PASSED] - Statement - ok = 0: null

2018-09-14 16:28:44 - [TEST_STEP][PASSED] - Statement - ko = 0: null

2018-09-14 16:28:44 - [TEST_STEP][PASSED] - Statement - For (def element : maps): null

2018-09-14 16:28:44 - [TEST_STEP][PASSED] - Statement - tag = element.findPropertyValue("tag", false): null

2018-09-14 16:28:44 - [TEST_STEP][PASSED] - Statement - id = element.getObjectId(): null

2018-09-14 16:28:44 - [TEST_STEP][PASSED] - Statement - test = false: null

2018-09-14 16:28:44 - [TEST_STEP][PASSED] - Statement - assert tag != "": null

2018-09-14 16:28:44 - [TEST_STEP][PASSED] - Statement - println("◙◙◙◙◙◙◙◙◙◙◙◙◙◙◙◙◙ Element[" + total + "] ◙◙◙◙◙◙◙◙◙◙◙◙◙◙◙◙◙"): null

2018-09-14 16:28:44 - [TEST_STEP][PASSED] - Statement - println(" > id=" + id): null

2018-09-14 16:28:44 - [TEST_STEP][PASSED] - Statement - println(" > tag=" + tag): null

2018-09-14 16:28:44 - [TEST_STEP][PASSED] - Statement - test = com.kms.katalon.core.webui.keyword.WebUiBuiltInKeywords.waitForElementPresent(element, 1): Object 'Object Repository/GhibliDashboard/input_transferStatus' is present

2018-09-14 16:28:44 - [MESSAGE][PASSED] - Object 'Object Repository/GhibliDashboard/input_transferStatus' is present

2018-09-14 16:28:44 - [TEST_STEP][PASSED] - Statement - If (test == true): null

2018-09-14 16:28:44 - [TEST_STEP][PASSED] - Statement - (ok++): null

2018-09-14 16:28:44 - [TEST_STEP][PASSED] - Statement - assert test == true: null

2018-09-14 16:28:44 - [TEST_STEP][PASSED] - Statement - println("◙◙◙◙◙◙◙◙◙◙◙◙◙◙◙◙◙◙◙◙◙◙◙◙◙◙◙◙◙◙◙◙◙◙◙◙◙◙◙◙◙◙◙◙◙◙◙◙◙◙◙"): null

2018-09-14 16:28:44 - [TEST_STEP][PASSED] - Statement - println("◙◙◙◙◙◙◙◙◙◙◙◙◙◙◙◙◙◙◙◙◙◙◙◙◙◙◙◙◙◙◙◙◙◙◙◙◙◙◙◙◙◙◙◙◙◙◙◙◙◙◙"): null

2018-09-14 16:28:44 - [TEST_STEP][PASSED] - Statement - println(""): null

2018-09-14 16:28:44 - [TEST_STEP][PASSED] - Statement - println(""): null

2018-09-14 16:28:44 - [TEST_STEP][PASSED] - Statement - (total++): null

2018-09-14 16:28:44 - [TEST_STEP][PASSED] - Statement - tag = element.findPropertyValue("tag", false): null

2018-09-14 16:28:44 - [TEST_STEP][PASSED] - Statement - id = element.getObjectId(): null

2018-09-14 16:28:44 - [TEST_STEP][PASSED] - Statement - test = false: null

2018-09-14 16:28:44 - [TEST_STEP][PASSED] - Statement - assert tag != "": null

2018-09-14 16:28:44 - [TEST_STEP][PASSED] - Statement - println("◙◙◙◙◙◙◙◙◙◙◙◙◙◙◙◙◙ Element[" + total + "] ◙◙◙◙◙◙◙◙◙◙◙◙◙◙◙◙◙"): null

2018-09-14 16:28:44 - [TEST_STEP][PASSED] - Statement - println(" > id=" + id): null

2018-09-14 16:28:44 - [TEST_STEP][PASSED] - Statement - println(" > tag=" + tag): null

2018-09-14 16:28:44 - [TEST_STEP][PASSED] - Statement - test = com.kms.katalon.core.webui.keyword.WebUiBuiltInKeywords.waitForElementPresent(element, 1): Object 'Object Repository/GhibliDashboard/input_destinationQueueManager' is present

2018-09-14 16:28:44 - [MESSAGE][PASSED] - Object 'Object Repository/GhibliDashboard/input_destinationQueueManager' is present

2018-09-14 16:28:44 - [TEST_STEP][PASSED] - Statement - If (test == true): null

2018-09-14 16:28:44 - [TEST_STEP][PASSED] - Statement - (ok++): null

2018-09-14 16:28:44 - [TEST_STEP][PASSED] - Statement - assert test == true: null

2018-09-14 16:28:44 - [TEST_STEP][PASSED] - Statement - println("◙◙◙◙◙◙◙◙◙◙◙◙◙◙◙◙◙◙◙◙◙◙◙◙◙◙◙◙◙◙◙◙◙◙◙◙◙◙◙◙◙◙◙◙◙◙◙◙◙◙◙"): null

2018-09-14 16:28:44 - [TEST_STEP][PASSED] - Statement - println("◙◙◙◙◙◙◙◙◙◙◙◙◙◙◙◙◙◙◙◙◙◙◙◙◙◙◙◙◙◙◙◙◙◙◙◙◙◙◙◙◙◙◙◙◙◙◙◙◙◙◙"): null

2018-09-14 16:28:44 - [TEST_STEP][PASSED] - Statement - println(""): null

2018-09-14 16:28:44 - [TEST_STEP][PASSED] - Statement - println(""): null

2018-09-14 16:28:44 - [TEST_STEP][PASSED] - Statement - (total++): null

2018-09-14 16:28:44 - [TEST_STEP][PASSED] - Statement - tag = element.findPropertyValue("tag", false): null

2018-09-14 16:28:44 - [TEST_STEP][PASSED] - Statement - id = element.getObjectId(): null

2018-09-14 16:28:44 - [TEST_STEP][PASSED] - Statement - test = false: null

2018-09-14 16:28:44 - [TEST_STEP][PASSED] - Statement - assert tag != "": null

2018-09-14 16:28:44 - [TEST_STEP][PASSED] - Statement - println("◙◙◙◙◙◙◙◙◙◙◙◙◙◙◙◙◙ Element[" + total + "] ◙◙◙◙◙◙◙◙◙◙◙◙◙◙◙◙◙"): null

2018-09-14 16:28:44 - [TEST_STEP][PASSED] - Statement - println(" > id=" + id): null

2018-09-14 16:28:44 - [TEST_STEP][PASSED] - Statement - println(" > tag=" + tag): null

2018-09-14 16:28:44 - [TEST_STEP][PASSED] - Statement - test = com.kms.katalon.core.webui.keyword.WebUiBuiltInKeywords.waitForElementPresent(element, 1): Object 'Object Repository/GhibliDashboard/input_correlationID' is present

2018-09-14 16:28:44 - [MESSAGE][PASSED] - Object 'Object Repository/GhibliDashboard/input_correlationID' is present

2018-09-14 16:28:44 - [TEST_STEP][PASSED] - Statement - If (test == true): null

2018-09-14 16:28:44 - [TEST_STEP][PASSED] - Statement - (ok++): null

2018-09-14 16:28:44 - [TEST_STEP][PASSED] - Statement - assert test == true: null

2018-09-14 16:28:44 - [TEST_STEP][PASSED] - Statement - println("◙◙◙◙◙◙◙◙◙◙◙◙◙◙◙◙◙◙◙◙◙◙◙◙◙◙◙◙◙◙◙◙◙◙◙◙◙◙◙◙◙◙◙◙◙◙◙◙◙◙◙"): null

2018-09-14 16:28:44 - [TEST_STEP][PASSED] - Statement - println("◙◙◙◙◙◙◙◙◙◙◙◙◙◙◙◙◙◙◙◙◙◙◙◙◙◙◙◙◙◙◙◙◙◙◙◙◙◙◙◙◙◙◙◙◙◙◙◙◙◙◙"): null

2018-09-14 16:28:44 - [TEST_STEP][PASSED] - Statement - println(""): null

2018-09-14 16:28:44 - [TEST_STEP][PASSED] - Statement - println(""): null

2018-09-14 16:28:44 - [TEST_STEP][PASSED] - Statement - (total++): null

2018-09-14 16:28:44 - [TEST_STEP][PASSED] - Statement - tag = element.findPropertyValue("tag", false): null

2018-09-14 16:28:44 - [TEST_STEP][PASSED] - Statement - id = element.getObjectId(): null

2018-09-14 16:28:44 - [TEST_STEP][PASSED] - Statement - test = false: null

2018-09-14 16:28:44 - [TEST_STEP][PASSED] - Statement - assert tag != "": null

2018-09-14 16:28:44 - [TEST_STEP][PASSED] - Statement - println("◙◙◙◙◙◙◙◙◙◙◙◙◙◙◙◙◙ Element[" + total + "] ◙◙◙◙◙◙◙◙◙◙◙◙◙◙◙◙◙"): null

2018-09-14 16:28:44 - [TEST_STEP][PASSED] - Statement - println(" > id=" + id): null

2018-09-14 16:28:44 - [TEST_STEP][PASSED] - Statement - println(" > tag=" + tag): null

2018-09-14 16:28:44 - [TEST_STEP][PASSED] - Statement - test = com.kms.katalon.core.webui.keyword.WebUiBuiltInKeywords.waitForElementPresent(element, 1): Object 'Object Repository/GhibliDashboard/btn_workflowdashboard' is present

2018-09-14 16:28:45 - [MESSAGE][PASSED] - Object 'Object Repository/GhibliDashboard/btn_workflowdashboard' is present

2018-09-14 16:28:45 - [TEST_STEP][PASSED] - Statement - If (test == true): null

2018-09-14 16:28:45 - [TEST_STEP][PASSED] - Statement - (ok++): null

2018-09-14 16:28:45 - [TEST_STEP][PASSED] - Statement - assert test == true: null

2018-09-14 16:28:45 - [TEST_STEP][PASSED] - Statement - println("◙◙◙◙◙◙◙◙◙◙◙◙◙◙◙◙◙◙◙◙◙◙◙◙◙◙◙◙◙◙◙◙◙◙◙◙◙◙◙◙◙◙◙◙◙◙◙◙◙◙◙"): null

2018-09-14 16:28:45 - [TEST_STEP][PASSED] - Statement - println("◙◙◙◙◙◙◙◙◙◙◙◙◙◙◙◙◙◙◙◙◙◙◙◙◙◙◙◙◙◙◙◙◙◙◙◙◙◙◙◙◙◙◙◙◙◙◙◙◙◙◙"): null

2018-09-14 16:28:45 - [TEST_STEP][PASSED] - Statement - println(""): null

2018-09-14 16:28:45 - [TEST_STEP][PASSED] - Statement - println(""): null

2018-09-14 16:28:45 - [TEST_STEP][PASSED] - Statement - (total++): null

2018-09-14 16:28:45 - [TEST_STEP][PASSED] - Statement - tag = element.findPropertyValue("tag", false): null

2018-09-14 16:28:45 - [TEST_STEP][PASSED] - Statement - id = element.getObjectId(): null

2018-09-14 16:28:45 - [TEST_STEP][PASSED] - Statement - test = false: null

2018-09-14 16:28:45 - [TEST_STEP][PASSED] - Statement - assert tag != "": null

2018-09-14 16:28:45 - [TEST_STEP][PASSED] - Statement - println("◙◙◙◙◙◙◙◙◙◙◙◙◙◙◙◙◙ Element[" + total + "] ◙◙◙◙◙◙◙◙◙◙◙◙◙◙◙◙◙"): null

2018-09-14 16:28:45 - [TEST_STEP][PASSED] - Statement - println(" > id=" + id): null

2018-09-14 16:28:45 - [TEST_STEP][PASSED] - Statement - println(" > tag=" + tag): null

2018-09-14 16:28:45 - [TEST_STEP][PASSED] - Statement - test = com.kms.katalon.core.webui.keyword.WebUiBuiltInKeywords.waitForElementPresent(element, 1): Object 'Object Repository/GhibliDashboard/btn_workflow' is present

2018-09-14 16:28:45 - [MESSAGE][PASSED] - Object 'Object Repository/GhibliDashboard/btn_workflow' is present

2018-09-14 16:28:45 - [TEST_STEP][PASSED] - Statement - If (test == true): null

2018-09-14 16:28:45 - [TEST_STEP][PASSED] - Statement - (ok++): null

2018-09-14 16:28:45 - [TEST_STEP][PASSED] - Statement - assert test == true: null

2018-09-14 16:28:45 - [TEST_STEP][PASSED] - Statement - println("◙◙◙◙◙◙◙◙◙◙◙◙◙◙◙◙◙◙◙◙◙◙◙◙◙◙◙◙◙◙◙◙◙◙◙◙◙◙◙◙◙◙◙◙◙◙◙◙◙◙◙"): null

2018-09-14 16:28:45 - [TEST_STEP][PASSED] - Statement - println("◙◙◙◙◙◙◙◙◙◙◙◙◙◙◙◙◙◙◙◙◙◙◙◙◙◙◙◙◙◙◙◙◙◙◙◙◙◙◙◙◙◙◙◙◙◙◙◙◙◙◙"): null

2018-09-14 16:28:45 - [TEST_STEP][PASSED] - Statement - println(""): null

2018-09-14 16:28:45 - [TEST_STEP][PASSED] - Statement - println(""): null

2018-09-14 16:28:45 - [TEST_STEP][PASSED] - Statement - (total++): null

2018-09-14 16:28:45 - [TEST_STEP][PASSED] - Statement - tag = element.findPropertyValue("tag", false): null

2018-09-14 16:28:45 - [TEST_STEP][PASSED] - Statement - id = element.getObjectId(): null

2018-09-14 16:28:45 - [TEST_STEP][PASSED] - Statement - test = false: null

2018-09-14 16:28:45 - [TEST_STEP][PASSED] - Statement - assert tag != "": null

2018-09-14 16:28:45 - [TEST_STEP][PASSED] - Statement - println("◙◙◙◙◙◙◙◙◙◙◙◙◙◙◙◙◙ Element[" + total + "] ◙◙◙◙◙◙◙◙◙◙◙◙◙◙◙◙◙"): null

2018-09-14 16:28:45 - [TEST_STEP][PASSED] - Statement - println(" > id=" + id): null

2018-09-14 16:28:45 - [TEST_STEP][PASSED] - Statement - println(" > tag=" + tag): null

2018-09-14 16:28:45 - [TEST_STEP][PASSED] - Statement - test = com.kms.katalon.core.webui.keyword.WebUiBuiltInKeywords.waitForElementPresent(element, 1): Object 'Object Repository/GhibliDashboard/btn_transfersearch' is present

2018-09-14 16:28:45 - [MESSAGE][PASSED] - Object 'Object Repository/GhibliDashboard/btn_transfersearch' is present

2018-09-14 16:28:45 - [TEST_STEP][PASSED] - Statement - If (test == true): null

2018-09-14 16:28:45 - [TEST_STEP][PASSED] - Statement - (ok++): null

2018-09-14 16:28:45 - [TEST_STEP][PASSED] - Statement - assert test == true: null

2018-09-14 16:28:45 - [TEST_STEP][PASSED] - Statement - println("◙◙◙◙◙◙◙◙◙◙◙◙◙◙◙◙◙◙◙◙◙◙◙◙◙◙◙◙◙◙◙◙◙◙◙◙◙◙◙◙◙◙◙◙◙◙◙◙◙◙◙"): null

2018-09-14 16:28:45 - [TEST_STEP][PASSED] - Statement - println("◙◙◙◙◙◙◙◙◙◙◙◙◙◙◙◙◙◙◙◙◙◙◙◙◙◙◙◙◙◙◙◙◙◙◙◙◙◙◙◙◙◙◙◙◙◙◙◙◙◙◙"): null

2018-09-14 16:28:45 - [TEST_STEP][PASSED] - Statement - println(""): null

2018-09-14 16:28:45 - [TEST_STEP][PASSED] - Statement - println(""): null

2018-09-14 16:28:45 - [TEST_STEP][PASSED] - Statement - (total++): null

2018-09-14 16:28:45 - [TEST_STEP][PASSED] - Statement - tag = element.findPropertyValue("tag", false): null

2018-09-14 16:28:45 - [TEST_STEP][PASSED] - Statement - id = element.getObjectId(): null

2018-09-14 16:28:45 - [TEST_STEP][PASSED] - Statement - test = false: null

2018-09-14 16:28:45 - [TEST_STEP][PASSED] - Statement - assert tag != "": null

2018-09-14 16:28:45 - [TEST_STEP][PASSED] - Statement - println("◙◙◙◙◙◙◙◙◙◙◙◙◙◙◙◙◙ Element[" + total + "] ◙◙◙◙◙◙◙◙◙◙◙◙◙◙◙◙◙"): null

2018-09-14 16:28:45 - [TEST_STEP][PASSED] - Statement - println(" > id=" + id): null

2018-09-14 16:28:45 - [TEST_STEP][PASSED] - Statement - println(" > tag=" + tag): null

2018-09-14 16:28:45 - [TEST_STEP][PASSED] - Statement - test = com.kms.katalon.core.webui.keyword.WebUiBuiltInKeywords.waitForElementPresent(element, 1): Object 'Object Repository/GhibliDashboard/btn_setting' is present

2018-09-14 16:28:45 - [MESSAGE][PASSED] - Object 'Object Repository/GhibliDashboard/btn_setting' is present

2018-09-14 16:28:45 - [TEST_STEP][PASSED] - Statement - If (test == true): null

2018-09-14 16:28:45 - [TEST_STEP][PASSED] - Statement - (ok++): null

2018-09-14 16:28:45 - [TEST_STEP][PASSED] - Statement - assert test == true: null

2018-09-14 16:28:45 - [TEST_STEP][PASSED] - Statement - println("◙◙◙◙◙◙◙◙◙◙◙◙◙◙◙◙◙◙◙◙◙◙◙◙◙◙◙◙◙◙◙◙◙◙◙◙◙◙◙◙◙◙◙◙◙◙◙◙◙◙◙"): null

2018-09-14 16:28:45 - [TEST_STEP][PASSED] - Statement - println("◙◙◙◙◙◙◙◙◙◙◙◙◙◙◙◙◙◙◙◙◙◙◙◙◙◙◙◙◙◙◙◙◙◙◙◙◙◙◙◙◙◙◙◙◙◙◙◙◙◙◙"): null

2018-09-14 16:28:45 - [TEST_STEP][PASSED] - Statement - println(""): null

2018-09-14 16:28:45 - [TEST_STEP][PASSED] - Statement - println(""): null

2018-09-14 16:28:45 - [TEST_STEP][PASSED] - Statement - (total++): null

2018-09-14 16:28:45 - [TEST_STEP][PASSED] - Statement - tag = element.findPropertyValue("tag", false): null

2018-09-14 16:28:45 - [TEST_STEP][PASSED] - Statement - id = element.getObjectId(): null

2018-09-14 16:28:45 - [TEST_STEP][PASSED] - Statement - test = false: null

2018-09-14 16:28:45 - [TEST_STEP][PASSED] - Statement - assert tag != "": null

2018-09-14 16:28:45 - [TEST_STEP][PASSED] - Statement - println("◙◙◙◙◙◙◙◙◙◙◙◙◙◙◙◙◙ Element[" + total + "] ◙◙◙◙◙◙◙◙◙◙◙◙◙◙◙◙◙"): null

2018-09-14 16:28:45 - [TEST_STEP][PASSED] - Statement - println(" > id=" + id): null

2018-09-14 16:28:45 - [TEST_STEP][PASSED] - Statement - println(" > tag=" + tag): null

2018-09-14 16:28:45 - [TEST_STEP][PASSED] - Statement - test = com.kms.katalon.core.webui.keyword.WebUiBuiltInKeywords.waitForElementPresent(element, 1): Object 'Object Repository/GhibliDashboard/btn_monitordashboard' is present

2018-09-14 16:28:46 - [MESSAGE][PASSED] - Object 'Object Repository/GhibliDashboard/btn_monitordashboard' is present

2018-09-14 16:28:46 - [TEST_STEP][PASSED] - Statement - If (test == true): null

2018-09-14 16:28:46 - [TEST_STEP][PASSED] - Statement - (ok++): null

2018-09-14 16:28:46 - [TEST_STEP][PASSED] - Statement - assert test == true: null

2018-09-14 16:28:46 - [TEST_STEP][PASSED] - Statement - println("◙◙◙◙◙◙◙◙◙◙◙◙◙◙◙◙◙◙◙◙◙◙◙◙◙◙◙◙◙◙◙◙◙◙◙◙◙◙◙◙◙◙◙◙◙◙◙◙◙◙◙"): null

2018-09-14 16:28:46 - [TEST_STEP][PASSED] - Statement - println("◙◙◙◙◙◙◙◙◙◙◙◙◙◙◙◙◙◙◙◙◙◙◙◙◙◙◙◙◙◙◙◙◙◙◙◙◙◙◙◙◙◙◙◙◙◙◙◙◙◙◙"): null

2018-09-14 16:28:46 - [TEST_STEP][PASSED] - Statement - println(""): null

2018-09-14 16:28:46 - [TEST_STEP][PASSED] - Statement - println(""): null

2018-09-14 16:28:46 - [TEST_STEP][PASSED] - Statement - (total++): null

2018-09-14 16:28:46 - [TEST_STEP][PASSED] - Statement - tag = element.findPropertyValue("tag", false): null

2018-09-14 16:28:46 - [TEST_STEP][PASSED] - Statement - id = element.getObjectId(): null

2018-09-14 16:28:46 - [TEST_STEP][PASSED] - Statement - test = false: null

2018-09-14 16:28:46 - [TEST_STEP][PASSED] - Statement - assert tag != "": null

2018-09-14 16:28:46 - [TEST_STEP][PASSED] - Statement - println("◙◙◙◙◙◙◙◙◙◙◙◙◙◙◙◙◙ Element[" + total + "] ◙◙◙◙◙◙◙◙◙◙◙◙◙◙◙◙◙"): null

2018-09-14 16:28:46 - [TEST_STEP][PASSED] - Statement - println(" > id=" + id): null

2018-09-14 16:28:46 - [TEST_STEP][PASSED] - Statement - println(" > tag=" + tag): null

2018-09-14 16:28:46 - [TEST_STEP][PASSED] - Statement - test = com.kms.katalon.core.webui.keyword.WebUiBuiltInKeywords.waitForElementPresent(element, 1): Object 'Object Repository/GhibliDashboard/btn_logout' is present

2018-09-14 16:28:46 - [MESSAGE][PASSED] - Object 'Object Repository/GhibliDashboard/btn_logout' is present

2018-09-14 16:28:46 - [TEST_STEP][PASSED] - Statement - If (test == true): null

2018-09-14 16:28:46 - [TEST_STEP][PASSED] - Statement - (ok++): null

2018-09-14 16:28:46 - [TEST_STEP][PASSED] - Statement - assert test == true: null

2018-09-14 16:28:46 - [TEST_STEP][PASSED] - Statement - println("◙◙◙◙◙◙◙◙◙◙◙◙◙◙◙◙◙◙◙◙◙◙◙◙◙◙◙◙◙◙◙◙◙◙◙◙◙◙◙◙◙◙◙◙◙◙◙◙◙◙◙"): null

2018-09-14 16:28:46 - [TEST_STEP][PASSED] - Statement - println("◙◙◙◙◙◙◙◙◙◙◙◙◙◙◙◙◙◙◙◙◙◙◙◙◙◙◙◙◙◙◙◙◙◙◙◙◙◙◙◙◙◙◙◙◙◙◙◙◙◙◙"): null

2018-09-14 16:28:46 - [TEST_STEP][PASSED] - Statement - println(""): null

2018-09-14 16:28:46 - [TEST_STEP][PASSED] - Statement - println(""): null

2018-09-14 16:28:46 - [TEST_STEP][PASSED] - Statement - (total++): null

2018-09-14 16:28:46 - [TEST_STEP][PASSED] - Statement - tag = element.findPropertyValue("tag", false): null

2018-09-14 16:28:46 - [TEST_STEP][PASSED] - Statement - id = element.getObjectId(): null

2018-09-14 16:28:46 - [TEST_STEP][PASSED] - Statement - test = false: null

2018-09-14 16:28:46 - [TEST_STEP][PASSED] - Statement - assert tag != "": null

2018-09-14 16:28:46 - [TEST_STEP][PASSED] - Statement - println("◙◙◙◙◙◙◙◙◙◙◙◙◙◙◙◙◙ Element[" + total + "] ◙◙◙◙◙◙◙◙◙◙◙◙◙◙◙◙◙"): null

2018-09-14 16:28:46 - [TEST_STEP][PASSED] - Statement - println(" > id=" + id): null

2018-09-14 16:28:46 - [TEST_STEP][PASSED] - Statement - println(" > tag=" + tag): null

2018-09-14 16:28:46 - [TEST_STEP][PASSED] - Statement - test = com.kms.katalon.core.webui.keyword.WebUiBuiltInKeywords.waitForElementPresent(element, 1): Object 'Object Repository/GhibliDashboard/btn_clearfilter' is present

2018-09-14 16:28:46 - [MESSAGE][PASSED] - Object 'Object Repository/GhibliDashboard/btn_clearfilter' is present

2018-09-14 16:28:46 - [TEST_STEP][PASSED] - Statement - If (test == true): null

2018-09-14 16:28:46 - [TEST_STEP][PASSED] - Statement - (ok++): null

2018-09-14 16:28:46 - [TEST_STEP][PASSED] - Statement - assert test == true: null

2018-09-14 16:28:46 - [TEST_STEP][PASSED] - Statement - println("◙◙◙◙◙◙◙◙◙◙◙◙◙◙◙◙◙◙◙◙◙◙◙◙◙◙◙◙◙◙◙◙◙◙◙◙◙◙◙◙◙◙◙◙◙◙◙◙◙◙◙"): null

2018-09-14 16:28:46 - [TEST_STEP][PASSED] - Statement - println("◙◙◙◙◙◙◙◙◙◙◙◙◙◙◙◙◙◙◙◙◙◙◙◙◙◙◙◙◙◙◙◙◙◙◙◙◙◙◙◙◙◙◙◙◙◙◙◙◙◙◙"): null

2018-09-14 16:28:46 - [TEST_STEP][PASSED] - Statement - println(""): null

2018-09-14 16:28:46 - [TEST_STEP][PASSED] - Statement - println(""): null

2018-09-14 16:28:46 - [TEST_STEP][PASSED] - Statement - (total++): null

2018-09-14 16:28:46 - [TEST_STEP][PASSED] - Statement - tag = element.findPropertyValue("tag", false): null

2018-09-14 16:28:46 - [TEST_STEP][PASSED] - Statement - id = element.getObjectId(): null

2018-09-14 16:28:46 - [TEST_STEP][PASSED] - Statement - test = false: null

2018-09-14 16:28:46 - [TEST_STEP][PASSED] - Statement - assert tag != "": null

2018-09-14 16:28:46 - [TEST_STEP][PASSED] - Statement - println("◙◙◙◙◙◙◙◙◙◙◙◙◙◙◙◙◙ Element[" + total + "] ◙◙◙◙◙◙◙◙◙◙◙◙◙◙◙◙◙"): null

2018-09-14 16:28:46 - [TEST_STEP][PASSED] - Statement - println(" > id=" + id): null

2018-09-14 16:28:46 - [TEST_STEP][PASSED] - Statement - println(" > tag=" + tag): null

2018-09-14 16:28:46 - [TEST_STEP][PASSED] - Statement - test = com.kms.katalon.core.webui.keyword.WebUiBuiltInKeywords.waitForElementPresent(element, 1): Object 'Object Repository/GhibliDashboard/btn_applyfilter' is present

2018-09-14 16:28:46 - [MESSAGE][PASSED] - Object 'Object Repository/GhibliDashboard/btn_applyfilter' is present

2018-09-14 16:28:46 - [TEST_STEP][PASSED] - Statement - If (test == true): null

2018-09-14 16:28:46 - [TEST_STEP][PASSED] - Statement - (ok++): null

2018-09-14 16:28:46 - [TEST_STEP][PASSED] - Statement - assert test == true: null

2018-09-14 16:28:46 - [TEST_STEP][PASSED] - Statement - println("◙◙◙◙◙◙◙◙◙◙◙◙◙◙◙◙◙◙◙◙◙◙◙◙◙◙◙◙◙◙◙◙◙◙◙◙◙◙◙◙◙◙◙◙◙◙◙◙◙◙◙"): null

2018-09-14 16:28:46 - [TEST_STEP][PASSED] - Statement - println("◙◙◙◙◙◙◙◙◙◙◙◙◙◙◙◙◙◙◙◙◙◙◙◙◙◙◙◙◙◙◙◙◙◙◙◙◙◙◙◙◙◙◙◙◙◙◙◙◙◙◙"): null

2018-09-14 16:28:46 - [TEST_STEP][PASSED] - Statement - println(""): null

2018-09-14 16:28:46 - [TEST_STEP][PASSED] - Statement - println(""): null

2018-09-14 16:28:46 - [TEST_STEP][PASSED] - Statement - (total++): null

2018-09-14 16:28:46 - [TEST_STEP][PASSED] - Statement - println("END TEST"): null

2018-09-14 16:28:46 - [TEST_STEP][PASSED] - Statement - println("> TOTALE:" + total): null

2018-09-14 16:28:46 - [TEST_STEP][PASSED] - Statement - println("> OK:" + ok): null

2018-09-14 16:28:46 - [TEST_STEP][PASSED] - Statement - println("> KO:" + ko): null]]></system-out>
         <system-err><![CDATA[]]></system-err>
      </testcase>
      <testcase name="Test Cases/DashboardPeerServer" classname="Test Cases/DashboardPeerServer" status="PASSED">
         <system-out><![CDATA[2018-09-14 16:28:49 - [TEST_CASE][PASSED] - Test Cases/DashboardPeerServer: Test Cases/DashboardPeerServer

2018-09-14 16:28:49 - [TEST_STEP][PASSED] - comment: verifiche sul container del cluster nella colonna peerserver

2018-09-14 16:28:49 - [TEST_STEP][PASSED] - waitForElementVisible: Object 'Object Repository/GhibliDashboard/Dashboard-PeerServer/lbl_peerlist_clustername' is visible

2018-09-14 16:28:49 - [MESSAGE][PASSED] - Object 'Object Repository/GhibliDashboard/Dashboard-PeerServer/lbl_peerlist_clustername' is visible

2018-09-14 16:28:49 - [TEST_STEP][PASSED] - verifyElementVisible: Object 'Object Repository/GhibliDashboard/Dashboard-PeerServer/lbl_peerlist_clustername' is visible

2018-09-14 16:28:50 - [MESSAGE][PASSED] - Object 'Object Repository/GhibliDashboard/Dashboard-PeerServer/lbl_peerlist_clustername' is visible

2018-09-14 16:28:50 - [TEST_STEP][PASSED] - verifyElementVisible: Object 'Object Repository/GhibliDashboard/Dashboard-PeerServer/btn_peerlist_refresh' is visible

2018-09-14 16:28:50 - [MESSAGE][PASSED] - Object 'Object Repository/GhibliDashboard/Dashboard-PeerServer/btn_peerlist_refresh' is visible

2018-09-14 16:28:50 - [TEST_STEP][PASSED] - verifyElementVisible: Object 'Object Repository/GhibliDashboard/Dashboard-PeerServer/btn_peerlist_pause' is visible

2018-09-14 16:28:50 - [MESSAGE][PASSED] - Object 'Object Repository/GhibliDashboard/Dashboard-PeerServer/btn_peerlist_pause' is visible

2018-09-14 16:28:50 - [TEST_STEP][PASSED] - click: Object: 'Object Repository/GhibliDashboard/Dashboard-PeerServer/btn_peerlist_pause' is clicked on

2018-09-14 16:28:51 - [MESSAGE][PASSED] - Object: 'Object Repository/GhibliDashboard/Dashboard-PeerServer/btn_peerlist_pause' is clicked on

2018-09-14 16:28:51 - [TEST_STEP][PASSED] - waitForElementPresent: Object 'Object Repository/GhibliDashboard/Dashboard-PeerServer/btn_peerlist_play' is present

2018-09-14 16:28:52 - [MESSAGE][PASSED] - Object 'Object Repository/GhibliDashboard/Dashboard-PeerServer/btn_peerlist_play' is present

2018-09-14 16:28:52 - [TEST_STEP][PASSED] - verifyElementVisible: Object 'Object Repository/GhibliDashboard/Dashboard-PeerServer/btn_peerlist_play' is visible

2018-09-14 16:28:52 - [MESSAGE][PASSED] - Object 'Object Repository/GhibliDashboard/Dashboard-PeerServer/btn_peerlist_play' is visible

2018-09-14 16:28:52 - [TEST_STEP][PASSED] - verifyElementNotPresent: Web element with id: 'Object Repository/GhibliDashboard/Dashboard-PeerServer/btn_peerlist_pause' located by 'By.xpath: //a[contains(@class,"kt_peerlist_pause")]' is not present after '1' second(s)

2018-09-14 16:28:52 - [MESSAGE][PASSED] - Web element with id: 'Object Repository/GhibliDashboard/Dashboard-PeerServer/btn_peerlist_pause' located by 'By.xpath: //a[contains(@class,"kt_peerlist_pause")]' is not present after '1' second(s)

2018-09-14 16:28:52 - [TEST_STEP][PASSED] - verifyElementPresent: Object 'Object Repository/GhibliDashboard/Dashboard-PeerServer/serverpeer_progressbar_reload' is present

2018-09-14 16:28:52 - [MESSAGE][PASSED] - Object 'Object Repository/GhibliDashboard/Dashboard-PeerServer/serverpeer_progressbar_reload' is present

2018-09-14 16:28:52 - [TEST_STEP][PASSED] - verifyElementVisible: Object 'Object Repository/GhibliDashboard/Dashboard-PeerServer/serverpeer_progressbar_reload' is visible

2018-09-14 16:28:53 - [MESSAGE][PASSED] - Object 'Object Repository/GhibliDashboard/Dashboard-PeerServer/serverpeer_progressbar_reload' is visible

2018-09-14 16:28:53 - [TEST_STEP][PASSED] - comment: inizia la verifica sul primo server nella lista dei peer

2018-09-14 16:28:53 - [TEST_STEP][PASSED] - verifyElementVisible: Object 'Object Repository/GhibliDashboard/Dashboard-PeerServer/serverpeer_container' is visible

2018-09-14 16:28:53 - [MESSAGE][PASSED] - Object 'Object Repository/GhibliDashboard/Dashboard-PeerServer/serverpeer_container' is visible

2018-09-14 16:28:53 - [TEST_STEP][PASSED] - verifyElementVisible: Object 'Object Repository/GhibliDashboard/Dashboard-PeerServer/singlepeer_container' is visible

2018-09-14 16:28:53 - [MESSAGE][PASSED] - Object 'Object Repository/GhibliDashboard/Dashboard-PeerServer/singlepeer_container' is visible

2018-09-14 16:28:53 - [TEST_STEP][PASSED] - verifyElementVisible: Object 'Object Repository/GhibliDashboard/Dashboard-PeerServer/serverpeer_first_exapand' is visible

2018-09-14 16:28:53 - [MESSAGE][PASSED] - Object 'Object Repository/GhibliDashboard/Dashboard-PeerServer/serverpeer_first_exapand' is visible

2018-09-14 16:28:53 - [TEST_STEP][PASSED] - verifyElementPresent: Object 'Object Repository/GhibliDashboard/Dashboard-PeerServer/serverpeer_first_exapand' is present

2018-09-14 16:28:54 - [MESSAGE][PASSED] - Object 'Object Repository/GhibliDashboard/Dashboard-PeerServer/serverpeer_first_exapand' is present

2018-09-14 16:28:54 - [TEST_STEP][PASSED] - comment: fine controllo container primo peer

2018-09-14 16:28:54 - [TEST_STEP][PASSED] - verifyElementVisible: Object 'Object Repository/GhibliDashboard/Dashboard-PeerServer/lbl_singlepeer_name' is visible

2018-09-14 16:28:54 - [MESSAGE][PASSED] - Object 'Object Repository/GhibliDashboard/Dashboard-PeerServer/lbl_singlepeer_name' is visible

2018-09-14 16:28:54 - [TEST_STEP][PASSED] - comment: EXPAND PRIMO PEER

2018-09-14 16:28:54 - [TEST_STEP][PASSED] - click: Object: 'Object Repository/GhibliDashboard/Dashboard-PeerServer/serverpeer_first_exapand' is clicked on

2018-09-14 16:28:55 - [MESSAGE][PASSED] - Object: 'Object Repository/GhibliDashboard/Dashboard-PeerServer/serverpeer_first_exapand' is clicked on

2018-09-14 16:28:55 - [TEST_STEP][PASSED] - waitForElementVisible: Object 'Object Repository/GhibliDashboard/Dashboard-PeerServer/peer1_container_servers' is visible

2018-09-14 16:28:56 - [MESSAGE][PASSED] - Object 'Object Repository/GhibliDashboard/Dashboard-PeerServer/peer1_container_servers' is visible

2018-09-14 16:28:56 - [TEST_STEP][PASSED] - comment: controllo sul primo server del primo peer

2018-09-14 16:28:56 - [TEST_STEP][PASSED] - verifyElementPresent: Object 'Object Repository/GhibliDashboard/Dashboard-PeerServer/peer1_container_servers' is present

2018-09-14 16:28:56 - [MESSAGE][PASSED] - Object 'Object Repository/GhibliDashboard/Dashboard-PeerServer/peer1_container_servers' is present

2018-09-14 16:28:56 - [TEST_STEP][PASSED] - verifyElementPresent: Object 'Object Repository/GhibliDashboard/Dashboard-PeerServer/serverpeer_state' is present

2018-09-14 16:28:57 - [MESSAGE][PASSED] - Object 'Object Repository/GhibliDashboard/Dashboard-PeerServer/serverpeer_state' is present

2018-09-14 16:28:57 - [TEST_STEP][PASSED] - verifyElementPresent: Object 'Object Repository/GhibliDashboard/Dashboard-PeerServer/serverpeer_icon' is present

2018-09-14 16:28:57 - [MESSAGE][PASSED] - Object 'Object Repository/GhibliDashboard/Dashboard-PeerServer/serverpeer_icon' is present

2018-09-14 16:28:57 - [TEST_STEP][PASSED] - verifyElementPresent: Object 'Object Repository/GhibliDashboard/Dashboard-PeerServer/serverpeer_name' is present

2018-09-14 16:28:57 - [MESSAGE][PASSED] - Object 'Object Repository/GhibliDashboard/Dashboard-PeerServer/serverpeer_name' is present

2018-09-14 16:28:57 - [TEST_STEP][PASSED] - click: Object: 'Object Repository/GhibliDashboard/Dashboard-PeerServer/btn_server_start' is clicked on

2018-09-14 16:28:58 - [MESSAGE][PASSED] - Object: 'Object Repository/GhibliDashboard/Dashboard-PeerServer/btn_server_start' is clicked on

2018-09-14 16:28:58 - [TEST_STEP][PASSED] - waitForElementPresent: Object 'Object Repository/GhibliDashboard/Dashboard-PeerServer/messagebox/msg_container' is present

2018-09-14 16:28:58 - [MESSAGE][PASSED] - Object 'Object Repository/GhibliDashboard/Dashboard-PeerServer/messagebox/msg_container' is present

2018-09-14 16:28:58 - [TEST_STEP][PASSED] - verifyElementPresent: Object 'Object Repository/GhibliDashboard/Dashboard-PeerServer/messagebox/msg_clustername' is present

2018-09-14 16:28:58 - [MESSAGE][PASSED] - Object 'Object Repository/GhibliDashboard/Dashboard-PeerServer/messagebox/msg_clustername' is present

2018-09-14 16:28:58 - [TEST_STEP][PASSED] - verifyElementPresent: Object 'Object Repository/GhibliDashboard/Dashboard-PeerServer/messagebox/msg_peername' is present

2018-09-14 16:28:58 - [MESSAGE][PASSED] - Object 'Object Repository/GhibliDashboard/Dashboard-PeerServer/messagebox/msg_peername' is present

2018-09-14 16:28:58 - [TEST_STEP][PASSED] - verifyElementPresent: Object 'Object Repository/GhibliDashboard/Dashboard-PeerServer/messagebox/msg_clustername' is present

2018-09-14 16:28:59 - [MESSAGE][PASSED] - Object 'Object Repository/GhibliDashboard/Dashboard-PeerServer/messagebox/msg_clustername' is present

2018-09-14 16:28:59 - [TEST_STEP][PASSED] - verifyElementPresent: Object 'Object Repository/GhibliDashboard/Dashboard-PeerServer/messagebox/msg_servername' is present

2018-09-14 16:28:59 - [MESSAGE][PASSED] - Object 'Object Repository/GhibliDashboard/Dashboard-PeerServer/messagebox/msg_servername' is present

2018-09-14 16:28:59 - [TEST_STEP][PASSED] - verifyElementPresent: Object 'Object Repository/GhibliDashboard/Dashboard-PeerServer/messagebox/msg_serverstate' is present

2018-09-14 16:28:59 - [MESSAGE][PASSED] - Object 'Object Repository/GhibliDashboard/Dashboard-PeerServer/messagebox/msg_serverstate' is present

2018-09-14 16:28:59 - [TEST_STEP][PASSED] - verifyElementPresent: Object 'Object Repository/GhibliDashboard/Dashboard-PeerServer/messagebox/msg_serverstate_new' is present

2018-09-14 16:28:59 - [MESSAGE][PASSED] - Object 'Object Repository/GhibliDashboard/Dashboard-PeerServer/messagebox/msg_serverstate_new' is present

2018-09-14 16:28:59 - [TEST_STEP][PASSED] - verifyElementPresent: Object 'Object Repository/GhibliDashboard/Dashboard-PeerServer/messagebox/msg_protocol' is present

2018-09-14 16:28:59 - [MESSAGE][PASSED] - Object 'Object Repository/GhibliDashboard/Dashboard-PeerServer/messagebox/msg_protocol' is present

2018-09-14 16:28:59 - [TEST_STEP][PASSED] - verifyElementPresent: Object 'Object Repository/GhibliDashboard/Dashboard-PeerServer/messagebox/btn_NO' is present

2018-09-14 16:28:59 - [MESSAGE][PASSED] - Object 'Object Repository/GhibliDashboard/Dashboard-PeerServer/messagebox/btn_NO' is present

2018-09-14 16:28:59 - [TEST_STEP][PASSED] - verifyElementPresent: Object 'Object Repository/GhibliDashboard/Dashboard-PeerServer/messagebox/btn_YES' is present

2018-09-14 16:28:59 - [MESSAGE][PASSED] - Object 'Object Repository/GhibliDashboard/Dashboard-PeerServer/messagebox/btn_YES' is present

2018-09-14 16:28:59 - [TEST_STEP][PASSED] - delay: Delayed 2 second(s)

2018-09-14 16:29:01 - [MESSAGE][PASSED] - Delayed 2 second(s)

2018-09-14 16:29:01 - [TEST_STEP][PASSED] - click: Object: 'Object Repository/GhibliDashboard/Dashboard-PeerServer/messagebox/btn_NO' is clicked on

2018-09-14 16:29:03 - [MESSAGE][PASSED] - Object: 'Object Repository/GhibliDashboard/Dashboard-PeerServer/messagebox/btn_NO' is clicked on

2018-09-14 16:29:03 - [TEST_STEP][PASSED] - waitForElementNotPresent: Web element with id: 'Object Repository/GhibliDashboard/Dashboard-PeerServer/messagebox/msg_container' located by 'By.xpath: //div[contains(@class,"kt_messagebox_actionserver")]' is not present after '5' second(s)

2018-09-14 16:29:03 - [MESSAGE][PASSED] - Web element with id: 'Object Repository/GhibliDashboard/Dashboard-PeerServer/messagebox/msg_container' located by 'By.xpath: //div[contains(@class,"kt_messagebox_actionserver")]' is not present after '5' second(s)

2018-09-14 16:29:03 - [TEST_STEP][PASSED] - comment: COLLAPSE PRIMO PEER

2018-09-14 16:29:03 - [TEST_STEP][PASSED] - click: Object: 'Object Repository/GhibliDashboard/Dashboard-PeerServer/serverpeer_first_collapse' is clicked on

2018-09-14 16:29:04 - [MESSAGE][PASSED] - Object: 'Object Repository/GhibliDashboard/Dashboard-PeerServer/serverpeer_first_collapse' is clicked on

2018-09-14 16:29:04 - [TEST_STEP][PASSED] - waitForElementNotVisible: Object 'Object Repository/GhibliDashboard/Dashboard-PeerServer/peer1_container_servers' is NOT visible

2018-09-14 16:29:05 - [MESSAGE][PASSED] - Object 'Object Repository/GhibliDashboard/Dashboard-PeerServer/peer1_container_servers' is NOT visible]]></system-out>
         <system-err><![CDATA[]]></system-err>
      </testcase>
      <testcase name="Test Cases/DashboardTransportFilter" classname="Test Cases/DashboardTransportFilter" status="PASSED">
         <system-out><![CDATA[2018-09-14 16:29:07 - [TEST_CASE][PASSED] - Test Cases/DashboardTransportFilter: Test Cases/DashboardTransportFilter

2018-09-14 16:29:07 - [TEST_STEP][PASSED] - Statement - select_status = com.kms.katalon.core.testobject.ObjectRepository.findTestObject(Object Repository/GhibliDashboard/transferStatusCLICK): Finding Test Object with id 'Object Repository/GhibliDashboard/transferStatusCLICK'

2018-09-14 16:29:07 - [TEST_STEP][PASSED] - Statement - optionMap = ["SUBMITTED":"li_SUBMITTED", "SUSPENDED":"li_SUSPENDED", "RESUMED":"li_RESUMED", "STARTED":"li_STARTED", "STARTED_RETRY":"li_STARTED_RETRY", ... ]: null

2018-09-14 16:29:07 - [TEST_STEP][PASSED] - Statement - optionMap.each({ java.lang.Object optionIndex, java.lang.Object optionsValue -> ... }): Object: 'Object Repository/GhibliDashboard/transferStatusOptions/li_FAILED_RETRY' is clicked on

2018-09-14 16:29:08 - [MESSAGE][PASSED] - Object: 'Object Repository/GhibliDashboard/transferStatusCLICK' is clicked on

2018-09-14 16:29:08 - [MESSAGE][PASSED] - Object 'Object Repository/GhibliDashboard/transferStatusOptions/li_SUBMITTED' is present

2018-09-14 16:29:10 - [MESSAGE][PASSED] - Object: 'Object Repository/GhibliDashboard/transferStatusOptions/li_SUBMITTED' is clicked on

2018-09-14 16:29:11 - [MESSAGE][PASSED] - Object: 'Object Repository/GhibliDashboard/transferStatusCLICK' is clicked on

2018-09-14 16:29:11 - [MESSAGE][PASSED] - Object 'Object Repository/GhibliDashboard/transferStatusOptions/li_SUSPENDED' is present

2018-09-14 16:29:12 - [MESSAGE][PASSED] - Object: 'Object Repository/GhibliDashboard/transferStatusOptions/li_SUSPENDED' is clicked on

2018-09-14 16:29:13 - [MESSAGE][PASSED] - Object: 'Object Repository/GhibliDashboard/transferStatusCLICK' is clicked on

2018-09-14 16:29:13 - [MESSAGE][PASSED] - Object 'Object Repository/GhibliDashboard/transferStatusOptions/li_RESUMED' is present

2018-09-14 16:29:15 - [MESSAGE][PASSED] - Object: 'Object Repository/GhibliDashboard/transferStatusOptions/li_RESUMED' is clicked on

2018-09-14 16:29:16 - [MESSAGE][PASSED] - Object: 'Object Repository/GhibliDashboard/transferStatusCLICK' is clicked on

2018-09-14 16:29:16 - [MESSAGE][PASSED] - Object 'Object Repository/GhibliDashboard/transferStatusOptions/li_STARTED' is present

2018-09-14 16:29:17 - [MESSAGE][PASSED] - Object: 'Object Repository/GhibliDashboard/transferStatusOptions/li_STARTED' is clicked on

2018-09-14 16:29:18 - [MESSAGE][PASSED] - Object: 'Object Repository/GhibliDashboard/transferStatusCLICK' is clicked on

2018-09-14 16:29:18 - [MESSAGE][PASSED] - Object 'Object Repository/GhibliDashboard/transferStatusOptions/li_STARTED_RETRY' is present

2018-09-14 16:29:20 - [MESSAGE][PASSED] - Object: 'Object Repository/GhibliDashboard/transferStatusOptions/li_STARTED_RETRY' is clicked on

2018-09-14 16:29:21 - [MESSAGE][PASSED] - Object: 'Object Repository/GhibliDashboard/transferStatusCLICK' is clicked on

2018-09-14 16:29:21 - [MESSAGE][PASSED] - Object 'Object Repository/GhibliDashboard/transferStatusOptions/li_FAILED_RETRY' is present

2018-09-14 16:29:22 - [MESSAGE][PASSED] - Object: 'Object Repository/GhibliDashboard/transferStatusOptions/li_FAILED_RETRY' is clicked on

2018-09-14 16:29:22 - [TEST_STEP][PASSED] - click: Object: 'Object Repository/GhibliDashboard/transferStatusCLICK' is clicked on

2018-09-14 16:29:23 - [MESSAGE][PASSED] - Object: 'Object Repository/GhibliDashboard/transferStatusCLICK' is clicked on

2018-09-14 16:29:23 - [TEST_STEP][PASSED] - click: Object: 'Object Repository/GhibliDashboard/transferStatusOptions/li_STARTED' is clicked on

2018-09-14 16:29:25 - [MESSAGE][PASSED] - Object: 'Object Repository/GhibliDashboard/transferStatusOptions/li_STARTED' is clicked on

2018-09-14 16:29:25 - [TEST_STEP][PASSED] - Statement - btn_clear = com.kms.katalon.core.testobject.ObjectRepository.findTestObject(Object Repository/GhibliDashboard/btn_clearfilter): Finding Test Object with id 'Object Repository/GhibliDashboard/btn_clearfilter'

2018-09-14 16:29:25 - [TEST_STEP][PASSED] - Statement - btn_apply = com.kms.katalon.core.testobject.ObjectRepository.findTestObject(Object Repository/GhibliDashboard/btn_applyfilter): Finding Test Object with id 'Object Repository/GhibliDashboard/btn_applyfilter'

2018-09-14 16:29:25 - [TEST_STEP][PASSED] - Statement - input_transferStatus = com.kms.katalon.core.testobject.ObjectRepository.findTestObject(Object Repository/GhibliDashboard/input_transferStatus): Finding Test Object with id 'Object Repository/GhibliDashboard/input_transferStatus'

2018-09-14 16:29:25 - [TEST_STEP][PASSED] - click: Object: 'Object Repository/GhibliDashboard/btn_clearfilter' is clicked on

2018-09-14 16:29:26 - [MESSAGE][PASSED] - Object: 'Object Repository/GhibliDashboard/btn_clearfilter' is clicked on]]></system-out>
         <system-err><![CDATA[]]></system-err>
      </testcase>
      <testcase name="Test Cases/DashboardTransportDockedCounters" classname="Test Cases/DashboardTransportDockedCounters" status="PASSED">
         <system-out><![CDATA[2018-09-14 16:29:28 - [TEST_CASE][PASSED] - Test Cases/DashboardTransportDockedCounters: Test Cases/DashboardTransportDockedCounters

2018-09-14 16:29:28 - [TEST_STEP][PASSED] - Statement - ["SB", "ST", "SR", "SU", "RS", "FR"].each({ -> ... }): Text of object 'countershortFR' is: 'Failed_retry: 0'

2018-09-14 16:29:28 - [MESSAGE][PASSED] - Object 'countershortSB' is present

2018-09-14 16:29:28 - [MESSAGE][PASSED] - Object 'countershortSB' is visible

2018-09-14 16:29:29 - [MESSAGE][PASSED] - Object 'countershortSB' is present

2018-09-14 16:29:29 - [MESSAGE][PASSED] - Object 'countershortSB' is visible

2018-09-14 16:29:29 - [MESSAGE][PASSED] - Text of object 'countershortSB' is: 'Submitted: 0'

2018-09-14 16:29:29 - [MESSAGE][PASSED] - Object 'countershortST' is present

2018-09-14 16:29:29 - [MESSAGE][PASSED] - Object 'countershortST' is visible

2018-09-14 16:29:30 - [MESSAGE][PASSED] - Object 'countershortST' is present

2018-09-14 16:29:30 - [MESSAGE][PASSED] - Object 'countershortST' is visible

2018-09-14 16:29:30 - [MESSAGE][PASSED] - Text of object 'countershortST' is: 'Started: 0'

2018-09-14 16:29:30 - [MESSAGE][PASSED] - Object 'countershortSR' is present

2018-09-14 16:29:30 - [MESSAGE][PASSED] - Object 'countershortSR' is visible

2018-09-14 16:29:31 - [MESSAGE][PASSED] - Object 'countershortSR' is present

2018-09-14 16:29:31 - [MESSAGE][PASSED] - Object 'countershortSR' is visible

2018-09-14 16:29:31 - [MESSAGE][PASSED] - Text of object 'countershortSR' is: 'Started_retry: 0'

2018-09-14 16:29:31 - [MESSAGE][PASSED] - Object 'countershortSU' is present

2018-09-14 16:29:31 - [MESSAGE][PASSED] - Object 'countershortSU' is visible

2018-09-14 16:29:32 - [MESSAGE][PASSED] - Object 'countershortSU' is present

2018-09-14 16:29:32 - [MESSAGE][PASSED] - Object 'countershortSU' is visible

2018-09-14 16:29:32 - [MESSAGE][PASSED] - Text of object 'countershortSU' is: 'Suspended: 0'

2018-09-14 16:29:32 - [MESSAGE][PASSED] - Object 'countershortRS' is present

2018-09-14 16:29:32 - [MESSAGE][PASSED] - Object 'countershortRS' is visible

2018-09-14 16:29:33 - [MESSAGE][PASSED] - Object 'countershortRS' is present

2018-09-14 16:29:33 - [MESSAGE][PASSED] - Object 'countershortRS' is visible

2018-09-14 16:29:33 - [MESSAGE][PASSED] - Text of object 'countershortRS' is: 'Resumed: 0'

2018-09-14 16:29:33 - [MESSAGE][PASSED] - Object 'countershortFR' is present

2018-09-14 16:29:33 - [MESSAGE][PASSED] - Object 'countershortFR' is visible

2018-09-14 16:29:34 - [MESSAGE][PASSED] - Object 'countershortFR' is present

2018-09-14 16:29:34 - [MESSAGE][PASSED] - Object 'countershortFR' is visible

2018-09-14 16:29:34 - [MESSAGE][PASSED] - Text of object 'countershortFR' is: 'Failed_retry: 0']]></system-out>
         <system-err><![CDATA[]]></system-err>
      </testcase>
      <testcase name="Test Cases/MenuSettings" classname="Test Cases/MenuSettings" status="PASSED">
         <system-out><![CDATA[2018-09-14 16:29:36 - [TEST_CASE][PASSED] - Test Cases/MenuSettings: Test Cases/MenuSettings

2018-09-14 16:29:36 - [TEST_STEP][PASSED] - Statement - btn_dash = com.kms.katalon.core.testobject.ObjectRepository.findTestObject(GhibliDashboard/btn_monitordashboard): Finding Test Object with id 'Object Repository/GhibliDashboard/btn_monitordashboard'

2018-09-14 16:29:36 - [TEST_STEP][PASSED] - Statement - css = com.kms.katalon.core.webui.keyword.WebUiBuiltInKeywords.getAttribute(btn_dash, "class", STOP_ON_FAILURE): Attribute 'class' of object 'Object Repository/GhibliDashboard/btn_monitordashboard' is: 'x-btn kt_btn_dashboard_toolbar_monitordashboard svgbutton x-unselectable x-box-item x-btn-default-small x-icon x-btn-icon x-btn-default-small-icon x-pressed x-btn-pressed x-btn-default-small-pressed'

2018-09-14 16:29:37 - [MESSAGE][PASSED] - Attribute 'class' of object 'Object Repository/GhibliDashboard/btn_monitordashboard' is: 'x-btn kt_btn_dashboard_toolbar_monitordashboard svgbutton x-unselectable x-box-item x-btn-default-small x-icon x-btn-icon x-btn-default-small-icon x-pressed x-btn-pressed x-btn-default-small-pressed'

2018-09-14 16:29:37 - [TEST_STEP][PASSED] - Statement - isPressed = css.contains(btn_pressed): null

2018-09-14 16:29:37 - [TEST_STEP][PASSED] - Statement - If (isPressed == false): null

2018-09-14 16:29:37 - [TEST_STEP][PASSED] - verifyElementNotVisible: Object 'Object Repository/GhibliDashboard/btn_menu' is NOT visible

2018-09-14 16:29:37 - [MESSAGE][PASSED] - Object 'Object Repository/GhibliDashboard/btn_menu' is NOT visible

2018-09-14 16:29:37 - [TEST_STEP][PASSED] - click: Object: 'Object Repository/GhibliDashboard/btn_setting' is clicked on

2018-09-14 16:29:38 - [MESSAGE][PASSED] - Object: 'Object Repository/GhibliDashboard/btn_setting' is clicked on

2018-09-14 16:29:38 - [TEST_STEP][PASSED] - waitForElementPresent: Object 'Object Repository/GhibliDashboard/btn_menu' is present

2018-09-14 16:29:38 - [MESSAGE][PASSED] - Object 'Object Repository/GhibliDashboard/btn_menu' is present

2018-09-14 16:29:38 - [TEST_STEP][PASSED] - verifyElementVisible: Object 'Object Repository/SettingsMenu/kt_settings_menu' is visible

2018-09-14 16:29:39 - [MESSAGE][PASSED] - Object 'Object Repository/SettingsMenu/kt_settings_menu' is visible

2018-09-14 16:29:39 - [TEST_STEP][PASSED] - Statement - element = com.kms.katalon.core.webui.common.WebUiCommonHelper.findWebElements(com.kms.katalon.core.testobject.ObjectRepository.findTestObject(SettingsMenu/Collection Tree Text), waitShort): Found 11 web elements with id: 'Object Repository/SettingsMenu/Collection Tree Text' located by 'By.xpath: //*[contains(@class, 'kt_btn_settings_menu_')]//span[contains(@class,"x-btn-inner x-btn-inner-center")]' in '5' second(s)

2018-09-14 16:29:39 - [TEST_STEP][PASSED] - Statement - element.each({ java.lang.Object el -> ... }): null

2018-09-14 16:29:40 - [TEST_STEP][PASSED] - Statement - elementQtip = com.kms.katalon.core.webui.common.WebUiCommonHelper.findWebElements(com.kms.katalon.core.testobject.ObjectRepository.findTestObject(SettingsMenu/Collection Tree), 10): Found 11 web elements with id: 'Object Repository/SettingsMenu/Collection Tree' located by 'By.xpath: //a[contains(@class, 'kt_btn_settings_menu_')]' in '10' second(s)

2018-09-14 16:29:41 - [TEST_STEP][PASSED] - Statement - elementQtip.each({ java.lang.Object elW -> ... }): Attribute 'data-qtip' of object 'Elments_A_button-1048' is: 'Untrusted Cache'

2018-09-14 16:29:42 - [MESSAGE][PASSED] - Object: 'Elments_button-1035' is hovered

2018-09-14 16:29:42 - [MESSAGE][PASSED] - Object 'Object Repository/SettingsMenu/QuickTipText' is visible

2018-09-14 16:29:42 - [MESSAGE][PASSED] - Text of object 'Object Repository/SettingsMenu/QuickTipText' is: 'Settings Home'

2018-09-14 16:29:42 - [MESSAGE][PASSED] - Text of object 'Elments_A_button-1035' is: 'HOME'

2018-09-14 16:29:43 - [MESSAGE][PASSED] - Attribute 'data-qtip' of object 'Elments_A_button-1035' is: 'Settings Home'

2018-09-14 16:29:43 - [MESSAGE][PASSED] - Object: 'Elments_button-1037' is hovered

2018-09-14 16:29:44 - [MESSAGE][PASSED] - Object 'Object Repository/SettingsMenu/QuickTipText' is visible

2018-09-14 16:29:44 - [MESSAGE][PASSED] - Text of object 'Object Repository/SettingsMenu/QuickTipText' is: 'Spazio Configurator'

2018-09-14 16:29:44 - [MESSAGE][PASSED] - Text of object 'Elments_A_button-1037' is: 'SPAZIO CONFIGURATOR'

2018-09-14 16:29:44 - [MESSAGE][PASSED] - Attribute 'data-qtip' of object 'Elments_A_button-1037' is: 'Spazio Configurator'

2018-09-14 16:29:45 - [MESSAGE][PASSED] - Object: 'Elments_button-1038' is hovered

2018-09-14 16:29:45 - [MESSAGE][PASSED] - Object 'Object Repository/SettingsMenu/QuickTipText' is visible

2018-09-14 16:29:46 - [MESSAGE][PASSED] - Text of object 'Object Repository/SettingsMenu/QuickTipText' is: 'Profiler'

2018-09-14 16:29:46 - [MESSAGE][PASSED] - Text of object 'Elments_A_button-1038' is: 'PROFILER'

2018-09-14 16:29:46 - [MESSAGE][PASSED] - Attribute 'data-qtip' of object 'Elments_A_button-1038' is: 'Profiler'

2018-09-14 16:29:47 - [MESSAGE][PASSED] - Object: 'Elments_button-1039' is hovered

2018-09-14 16:29:47 - [MESSAGE][PASSED] - Object 'Object Repository/SettingsMenu/QuickTipText' is visible

2018-09-14 16:29:48 - [MESSAGE][PASSED] - Text of object 'Object Repository/SettingsMenu/QuickTipText' is: 'Virtual File Systems'

2018-09-14 16:29:48 - [MESSAGE][PASSED] - Text of object 'Elments_A_button-1039' is: 'VIRTUAL FILE SYSTEMS'

2018-09-14 16:29:48 - [MESSAGE][PASSED] - Attribute 'data-qtip' of object 'Elments_A_button-1039' is: 'Virtual File Systems'

2018-09-14 16:29:49 - [MESSAGE][PASSED] - Object: 'Elments_button-1040' is hovered

2018-09-14 16:29:49 - [MESSAGE][PASSED] - Object 'Object Repository/SettingsMenu/QuickTipText' is visible

2018-09-14 16:29:49 - [MESSAGE][PASSED] - Text of object 'Object Repository/SettingsMenu/QuickTipText' is: 'Incoming Calls'

2018-09-14 16:29:50 - [MESSAGE][PASSED] - Text of object 'Elments_A_button-1040' is: 'INCOMING CALLS'

2018-09-14 16:29:50 - [MESSAGE][PASSED] - Attribute 'data-qtip' of object 'Elments_A_button-1040' is: 'Incoming Calls'

2018-09-14 16:29:51 - [MESSAGE][PASSED] - Object: 'Elments_button-1041' is hovered

2018-09-14 16:29:51 - [MESSAGE][PASSED] - Object 'Object Repository/SettingsMenu/QuickTipText' is visible

2018-09-14 16:29:51 - [MESSAGE][PASSED] - Text of object 'Object Repository/SettingsMenu/QuickTipText' is: 'Cluster Management'

2018-09-14 16:29:51 - [MESSAGE][PASSED] - Text of object 'Elments_A_button-1041' is: 'CLUSTER MANAGEMENT'

2018-09-14 16:29:52 - [MESSAGE][PASSED] - Attribute 'data-qtip' of object 'Elments_A_button-1041' is: 'Cluster Management'

2018-09-14 16:29:52 - [MESSAGE][PASSED] - Object: 'Elments_button-1043' is hovered

2018-09-14 16:29:53 - [MESSAGE][PASSED] - Object 'Object Repository/SettingsMenu/QuickTipText' is visible

2018-09-14 16:29:53 - [MESSAGE][PASSED] - Text of object 'Object Repository/SettingsMenu/QuickTipText' is: 'Users Management'

2018-09-14 16:29:53 - [MESSAGE][PASSED] - Text of object 'Elments_A_button-1043' is: 'USERS MANAGEMENT'

2018-09-14 16:29:53 - [MESSAGE][PASSED] - Attribute 'data-qtip' of object 'Elments_A_button-1043' is: 'Users Management'

2018-09-14 16:29:54 - [MESSAGE][PASSED] - Object: 'Elments_button-1044' is hovered

2018-09-14 16:29:54 - [MESSAGE][PASSED] - Object 'Object Repository/SettingsMenu/QuickTipText' is visible

2018-09-14 16:29:55 - [MESSAGE][PASSED] - Text of object 'Object Repository/SettingsMenu/QuickTipText' is: 'Groups Management'

2018-09-14 16:29:55 - [MESSAGE][PASSED] - Text of object 'Elments_A_button-1044' is: 'GROUPS MANAGEMENT'

2018-09-14 16:29:55 - [MESSAGE][PASSED] - Attribute 'data-qtip' of object 'Elments_A_button-1044' is: 'Groups Management'

2018-09-14 16:29:56 - [MESSAGE][PASSED] - Object: 'Elments_button-1046' is hovered

2018-09-14 16:29:56 - [MESSAGE][PASSED] - Object 'Object Repository/SettingsMenu/QuickTipText' is visible

2018-09-14 16:29:57 - [MESSAGE][PASSED] - Text of object 'Object Repository/SettingsMenu/QuickTipText' is: 'Key Store'

2018-09-14 16:29:57 - [MESSAGE][PASSED] - Text of object 'Elments_A_button-1046' is: 'KEY STORE'

2018-09-14 16:29:57 - [MESSAGE][PASSED] - Attribute 'data-qtip' of object 'Elments_A_button-1046' is: 'Key Store'

2018-09-14 16:29:58 - [MESSAGE][PASSED] - Object: 'Elments_button-1047' is hovered

2018-09-14 16:29:58 - [MESSAGE][PASSED] - Object 'Object Repository/SettingsMenu/QuickTipText' is visible

2018-09-14 16:29:58 - [MESSAGE][PASSED] - Text of object 'Object Repository/SettingsMenu/QuickTipText' is: 'Trust Store'

2018-09-14 16:29:59 - [MESSAGE][PASSED] - Text of object 'Elments_A_button-1047' is: 'TRUST STORE'

2018-09-14 16:29:59 - [MESSAGE][PASSED] - Attribute 'data-qtip' of object 'Elments_A_button-1047' is: 'Trust Store'

2018-09-14 16:30:00 - [MESSAGE][PASSED] - Object: 'Elments_button-1048' is hovered

2018-09-14 16:30:00 - [MESSAGE][PASSED] - Object 'Object Repository/SettingsMenu/QuickTipText' is visible

2018-09-14 16:30:00 - [MESSAGE][PASSED] - Text of object 'Object Repository/SettingsMenu/QuickTipText' is: 'Untrusted Cache'

2018-09-14 16:30:01 - [MESSAGE][PASSED] - Text of object 'Elments_A_button-1048' is: 'UNTRUSTED CACHE'

2018-09-14 16:30:01 - [MESSAGE][PASSED] - Attribute 'data-qtip' of object 'Elments_A_button-1048' is: 'Untrusted Cache']]></system-out>
         <system-err><![CDATA[]]></system-err>
      </testcase>
      <testcase name="Test Cases/Logout" classname="Test Cases/Logout" status="PASSED">
         <system-out><![CDATA[2018-09-14 16:30:03 - [TEST_CASE][PASSED] - Test Cases/Logout: Test Cases/Logout

2018-09-14 16:30:03 - [TEST_STEP][PASSED] - Statement - test = false: null

2018-09-14 16:30:03 - [TEST_STEP][PASSED] - Statement - test = com.kms.katalon.core.webui.keyword.WebUiBuiltInKeywords.verifyElementPresent(com.kms.katalon.core.testobject.ObjectRepository.findTestObject(GhibliDashboard/btn_logout), 1): Object 'Object Repository/GhibliDashboard/btn_logout' is present

2018-09-14 16:30:03 - [MESSAGE][PASSED] - Object 'Object Repository/GhibliDashboard/btn_logout' is present

2018-09-14 16:30:03 - [TEST_STEP][PASSED] - Statement - assert test == true: null]]></system-out>
         <system-err><![CDATA[]]></system-err>
      </testcase>
      <system-out><![CDATA[2018-09-14 16:28:16 - [TEST_SUITE][PASSED] - SuiteGhibli: Test Cases/Logout]]></system-out>
      <system-err><![CDATA[]]></system-err>
   </testsuite>
</testsuites>
